#
# There is insufficient memory for the Java Runtime Environment to continue.
# Native memory allocation (malloc) failed to allocate 1710896 bytes for Chunk::new
# Possible reasons:
#   The system is out of physical RAM or swap space
#   The process is running with CompressedOops enabled, and the Java Heap may be blocking the growth of the native heap
# Possible solutions:
#   Reduce memory load on the system
#   Increase physical memory or swap space
#   Check if swap backing store is full
#   Decrease Java heap size (-Xmx/-Xms)
#   Decrease number of Java threads
#   Decrease Java thread stack sizes (-Xss)
#   Set larger code cache with -XX:ReservedCodeCacheSize=
#   JVM is running with Unscaled Compressed Oops mode in which the Java heap is
#     placed in the first 4GB address space. The Java Heap base address is the
#     maximum limit for the native heap growth. Please use -XX:HeapBaseMinAddress
#     to set the Java Heap base and to place the Java Heap above 4GB virtual address.
# This output file may be truncated or incomplete.
#
#  Out of Memory Error (allocation.cpp:389), pid=6004, tid=0x0000000000000d60
#
# JRE version: OpenJDK Runtime Environment (8.0_212-b04) (build 1.8.0_212-release-1586-b04)
# Java VM: OpenJDK 64-Bit Server VM (25.212-b04 mixed mode windows-amd64 compressed oops)
# Failed to write core dump. Minidumps are not enabled by default on client versions of Windows
#

---------------  T H R E A D  ---------------

Current thread (0x0000000017d66800):  JavaThread "C2 CompilerThread1" daemon [_thread_in_native, id=3424, stack(0x00000000194c0000,0x00000000195c0000)]

Stack: [0x00000000194c0000,0x00000000195c0000]
[error occurred during error reporting (printing stack bounds), id 0xc0000005]

Native frames: (J=compiled Java code, j=interpreted, Vv=VM code, C=native code)


Current CompileTask:
C2:  36774 9805 %     4       com.android.tools.r8.ir.regalloc.LinearScanRegisterAllocator::a @ 1334 (3743 bytes)


---------------  P R O C E S S  ---------------

Java Threads: ( => current thread )
  0x0000000028678000 JavaThread "WorkerExecutor Queue Thread 9" [_thread_blocked, id=16148, stack(0x000000002ba20000,0x000000002bb20000)]
  0x000000002867c800 JavaThread "WorkerExecutor Queue Thread 8" [_thread_blocked, id=17388, stack(0x000000002b920000,0x000000002ba20000)]
  0x000000002867a000 JavaThread "WorkerExecutor Queue Thread 7" [_thread_blocked, id=12988, stack(0x0000000029f50000,0x000000002a050000)]
  0x0000000028679800 JavaThread "WorkerExecutor Queue Thread 6" [_thread_blocked, id=17984, stack(0x0000000028e80000,0x0000000028f80000)]
  0x0000000028676800 JavaThread "WorkerExecutor Queue Thread 5" [_thread_blocked, id=12476, stack(0x0000000028d80000,0x0000000028e80000)]
  0x0000000028675800 JavaThread "WorkerExecutor Queue Thread 4" [_thread_blocked, id=2136, stack(0x0000000028c80000,0x0000000028d80000)]
  0x0000000028677000 JavaThread "WorkerExecutor Queue Thread 3" [_thread_blocked, id=9892, stack(0x0000000028980000,0x0000000028a80000)]
  0x000000001cbfc800 JavaThread "WorkerExecutor Queue Thread 2" [_thread_blocked, id=4772, stack(0x0000000028880000,0x0000000028980000)]
  0x000000001cbfb000 JavaThread "WorkerExecutor Queue" [_thread_blocked, id=10088, stack(0x00000000267e0000,0x00000000268e0000)]
  0x000000001cbfa000 JavaThread "Cache worker for execution history cache (C:\Users\beati\OneDrive\Desktop\LinguaBox-cole\LinguaBox\.gradle\5.4.1\executionHistory)" [_thread_blocked, id=17300, stack(0x00000000264e0000,0x00000000265e0000)]
  0x000000001cbf6800 JavaThread "Execution worker for ':' Thread 11" [_thread_blocked, id=6096, stack(0x00000000261e0000,0x00000000262e0000)]
  0x000000001cbf8800 JavaThread "Execution worker for ':' Thread 10" [_thread_blocked, id=18492, stack(0x00000000260e0000,0x00000000261e0000)]
  0x000000001cbf8000 JavaThread "Execution worker for ':' Thread 9" [_thread_blocked, id=13416, stack(0x0000000025fe0000,0x00000000260e0000)]
  0x000000001cbfd000 JavaThread "Execution worker for ':' Thread 8" [_thread_blocked, id=2464, stack(0x0000000025ee0000,0x0000000025fe0000)]
  0x000000001cbf7000 JavaThread "Execution worker for ':' Thread 7" [_thread_blocked, id=408, stack(0x0000000025de0000,0x0000000025ee0000)]
  0x000000001cbf9800 JavaThread "Execution worker for ':' Thread 6" [_thread_blocked, id=19136, stack(0x0000000025ce0000,0x0000000025de0000)]
  0x000000001cbef000 JavaThread "Execution worker for ':' Thread 5" [_thread_blocked, id=16396, stack(0x0000000025be0000,0x0000000025ce0000)]
  0x000000001cbf4000 JavaThread "Execution worker for ':' Thread 4" [_thread_blocked, id=9616, stack(0x0000000025ae0000,0x0000000025be0000)]
  0x000000001cbf3800 JavaThread "Execution worker for ':' Thread 3" [_thread_blocked, id=1436, stack(0x00000000259e0000,0x0000000025ae0000)]
  0x000000001cbf2000 JavaThread "Execution worker for ':' Thread 2" [_thread_blocked, id=16096, stack(0x00000000258e0000,0x00000000259e0000)]
  0x000000001cbf5800 JavaThread "Execution worker for ':'" [_thread_in_native, id=6612, stack(0x00000000257e0000,0x00000000258e0000)]
  0x000000001cbf0800 JavaThread "Cache worker for file content cache (C:\Users\beati\OneDrive\Desktop\LinguaBox-cole\LinguaBox\.gradle\5.4.1\fileContent)" [_thread_blocked, id=17588, stack(0x00000000252e0000,0x00000000253e0000)]
  0x000000001cbf5000 JavaThread "Cache worker for file content cache (C:\Users\beati\.gradle\caches\5.4.1\fileContent)" [_thread_blocked, id=13052, stack(0x00000000251e0000,0x00000000252e0000)]
  0x000000001cbf1000 JavaThread "Memory manager" [_thread_blocked, id=11604, stack(0x00000000250e0000,0x00000000251e0000)]
  0x000000001cbf2800 JavaThread "Cache worker for Build Output Cleanup Cache (C:\Users\beati\OneDrive\Desktop\LinguaBox-cole\LinguaBox\.gradle\buildOutputCleanup)" [_thread_blocked, id=16084, stack(0x0000000024fe0000,0x00000000250e0000)]
  0x000000001cbee000 JavaThread "pool-2-thread-1" [_thread_blocked, id=2792, stack(0x0000000024ee0000,0x0000000024fe0000)]
  0x000000001cbef800 JavaThread "Build operations Thread 12" [_thread_blocked, id=11320, stack(0x0000000024de0000,0x0000000024ee0000)]
  0x000000001a00b000 JavaThread "Build operations Thread 11" [_thread_blocked, id=2396, stack(0x00000000244c0000,0x00000000245c0000)]
  0x000000001a9ea000 JavaThread "Build operations Thread 10" [_thread_blocked, id=7460, stack(0x00000000241c0000,0x00000000242c0000)]
  0x000000001a9ec800 JavaThread "Build operations Thread 9" [_thread_blocked, id=1676, stack(0x0000000023ac0000,0x0000000023bc0000)]
  0x000000001a9e9800 JavaThread "Build operations Thread 8" [_thread_blocked, id=15716, stack(0x00000000239c0000,0x0000000023ac0000)]
  0x000000001a9e8000 JavaThread "Build operations Thread 7" [_thread_blocked, id=1760, stack(0x00000000238c0000,0x00000000239c0000)]
  0x000000001a9eb800 JavaThread "Build operations Thread 6" [_thread_blocked, id=5872, stack(0x00000000237c0000,0x00000000238c0000)]
  0x000000001a9e0800 JavaThread "Build operations Thread 5" [_thread_blocked, id=18532, stack(0x00000000236c0000,0x00000000237c0000)]
  0x000000001a9e7000 JavaThread "Build operations Thread 4" [_thread_blocked, id=18104, stack(0x00000000235c0000,0x00000000236c0000)]
  0x000000001a9e6800 JavaThread "Build operations Thread 3" [_thread_blocked, id=11012, stack(0x00000000234c0000,0x00000000235c0000)]
  0x000000001a9df800 JavaThread "Build operations Thread 2" [_thread_blocked, id=9168, stack(0x00000000233c0000,0x00000000234c0000)]
  0x000000001a9df000 JavaThread "Build operations" [_thread_blocked, id=520, stack(0x00000000232c0000,0x00000000233c0000)]
  0x000000001a9e5800 JavaThread "Cache worker for cache directory md-rule (C:\Users\beati\.gradle\caches\5.4.1\md-rule)" [_thread_blocked, id=16256, stack(0x00000000231c0000,0x00000000232c0000)]
  0x000000001a9e5000 JavaThread "Cache worker for cache directory md-supplier (C:\Users\beati\.gradle\caches\5.4.1\md-supplier)" [_thread_blocked, id=2976, stack(0x00000000230c0000,0x00000000231c0000)]
  0x000000001a9dd800 JavaThread "Cache worker for file hash cache (C:\Users\beati\OneDrive\Desktop\LinguaBox-cole\LinguaBox\.gradle\5.4.1\fileHashes)" [_thread_blocked, id=6068, stack(0x0000000022fc0000,0x00000000230c0000)]
  0x000000001a9e4000 JavaThread "Thread-45" [_thread_blocked, id=12120, stack(0x0000000022a30000,0x0000000022b30000)]
  0x000000001a9e2800 JavaThread "Stdin handler" [_thread_blocked, id=5144, stack(0x000000001ebb0000,0x000000001ecb0000)]
  0x000000001a9de000 JavaThread "Asynchronous log dispatcher for DefaultDaemonConnection: socket connection from /127.0.0.1:62849 to /127.0.0.1:62855" [_thread_blocked, id=10492, stack(0x000000001c410000,0x000000001c510000)]
  0x000000001a9e1000 JavaThread "Cancel handler" [_thread_blocked, id=16516, stack(0x000000001bf10000,0x000000001c010000)]
  0x000000001a9e2000 JavaThread "Handler for socket connection from /127.0.0.1:62849 to /127.0.0.1:62855" [_thread_in_native, id=15392, stack(0x000000001bc10000,0x000000001bd10000)]
  0x000000001a9e3800 JavaThread "Cache worker for execution history cache (C:\Users\beati\.gradle\caches\5.4.1\executionHistory)" [_thread_blocked, id=2724, stack(0x0000000021470000,0x0000000021570000)]
  0x000000001a005000 JavaThread "Cache worker for journal cache (C:\Users\beati\.gradle\caches\journal-1)" [_thread_blocked, id=14492, stack(0x000000001d6e0000,0x000000001d7e0000)]
  0x000000001a00a000 JavaThread "File lock request listener" [_thread_in_native, id=7744, stack(0x000000001d5e0000,0x000000001d6e0000)]
  0x000000001b009000 JavaThread "Cache worker for file hash cache (C:\Users\beati\.gradle\caches\5.4.1\fileHashes)" [_thread_blocked, id=18648, stack(0x000000001d4e0000,0x000000001d5e0000)]
  0x000000001adc7000 JavaThread "Daemon worker" [_thread_blocked, id=6792, stack(0x000000001c110000,0x000000001c210000)]
  0x000000001ac54000 JavaThread "Daemon" [_thread_blocked, id=19392, stack(0x000000001bb10000,0x000000001bc10000)]
  0x000000001ac3d000 JavaThread "Daemon periodic checks" [_thread_blocked, id=19412, stack(0x000000001ba10000,0x000000001bb10000)]
  0x000000001ad21800 JavaThread "Incoming local TCP Connector on port 62849" [_thread_in_native, id=14084, stack(0x000000001b7d0000,0x000000001b8d0000)]
  0x000000001ae39800 JavaThread "Daemon health stats" [_thread_blocked, id=8808, stack(0x000000001b190000,0x000000001b290000)]
  0x0000000017df8800 JavaThread "Service Thread" daemon [_thread_blocked, id=9752, stack(0x00000000197c0000,0x00000000198c0000)]
  0x0000000017d6d000 JavaThread "C1 CompilerThread3" daemon [_thread_blocked, id=2060, stack(0x00000000196c0000,0x00000000197c0000)]
  0x0000000017d69000 JavaThread "C2 CompilerThread2" daemon [_thread_in_native, id=6872, stack(0x00000000195c0000,0x00000000196c0000)]
=>0x0000000017d66800 JavaThread "C2 CompilerThread1" daemon [_thread_in_native, id=3424, stack(0x00000000194c0000,0x00000000195c0000)]
  0x0000000017d5e800 JavaThread "C2 CompilerThread0" daemon [_thread_in_native, id=7996, stack(0x00000000193c0000,0x00000000194c0000)]
  0x0000000017d5c000 JavaThread "Attach Listener" daemon [_thread_blocked, id=12068, stack(0x00000000192c0000,0x00000000193c0000)]
  0x0000000017d5b800 JavaThread "Signal Dispatcher" daemon [_thread_blocked, id=1036, stack(0x00000000191c0000,0x00000000192c0000)]
  0x00000000026ca800 JavaThread "Finalizer" daemon [_thread_blocked, id=18088, stack(0x0000000018fc0000,0x00000000190c0000)]
  0x0000000017d53000 JavaThread "Reference Handler" daemon [_thread_blocked, id=9428, stack(0x0000000018ec0000,0x0000000018fc0000)]
  0x00000000025cd800 JavaThread "main" [_thread_blocked, id=1992, stack(0x00000000023f0000,0x00000000024f0000)]

Other Threads:
  0x0000000017d32800 VMThread [stack: 0x0000000018dc0000,0x0000000018ec0000] [id=2744]
  0x0000000017dfa800 WatcherThread [stack: 0x00000000198c0000,0x00000000199c0000] [id=15508]

VM state:not at safepoint (normal execution)

VM Mutex/Monitor currently owned by a thread: None

heap address: 0x00000000a0000000, size: 1536 MB, Compressed Oops mode: 32-bit
Narrow klass base: 0x0000000000000000, Narrow klass shift: 3
Compressed class space size: 1073741824 Address: 0x0000000100000000

Heap:
 PSYoungGen      total 344064K, used 279460K [0x00000000e0000000, 0x00000000fc880000, 0x0000000100000000)
  eden space 304640K, 88% used [0x00000000e0000000,0x00000000f08bd9d0,0x00000000f2980000)
  from space 39424K, 21% used [0x00000000f5180000,0x00000000f59aba18,0x00000000f7800000)
  to   space 40960K, 0% used [0x00000000f2980000,0x00000000f2980000,0x00000000f5180000)
 ParOldGen       total 254976K, used 128871K [0x00000000a0000000, 0x00000000af900000, 0x00000000e0000000)
  object space 254976K, 50% used [0x00000000a0000000,0x00000000a7dd9e10,0x00000000af900000)
 Metaspace       used 77392K, capacity 81958K, committed 82200K, reserved 1120256K
  class space    used 10370K, capacity 11286K, committed 11304K, reserved 1048576K

Card table byte_map: [0x0000000011a90000,0x0000000011da0000] byte_map_base: 0x0000000011590000

Marking Bits: (ParMarkBitMap*) 0x000000005ff49f30
 Begin Bits: [0x00000000129a0000, 0x00000000141a0000)
 End Bits:   [0x00000000141a0000, 0x00000000159a0000)

Polling page: 0x00000000001f0000

CodeCache: size=245760Kb used=33672Kb max_used=33987Kb free=212088Kb
 bounds [0x00000000026d0000, 0x0000000004850000, 0x00000000116d0000]
 total_blobs=12053 nmethods=11212 adapters=751
 compilation: enabled

Compilation events (10 events):
Event: 36.064 Thread 0x0000000017d5e800 nmethod 13379 0x00000000032d0090 code [0x00000000032d01e0, 0x00000000032d0498]
Event: 36.064 Thread 0x0000000017d5e800 9976 %     4       com.android.tools.r8.ir.optimize.CodeRewriter::j @ 8 (671 bytes)
Event: 36.100 Thread 0x0000000017d66800 nmethod 12433% 0x0000000004824450 code [0x0000000004824b80, 0x000000000482b258]
Event: 36.100 Thread 0x0000000017d66800 9805 %     4       com.android.tools.r8.ir.regalloc.LinearScanRegisterAllocator::a @ 1334 (3743 bytes)
Event: 36.700 Thread 0x0000000017d5e800 nmethod 9976% 0x0000000004837350 code [0x0000000004837a80, 0x000000000483e9c8]
Event: 36.700 Thread 0x0000000017d5e800 9977 %     4       com.android.tools.r8.ir.regalloc.c::a @ 11 (203 bytes)
Event: 36.743 Thread 0x0000000017d5e800 nmethod 9977% 0x00000000043f68d0 code [0x00000000043f6b20, 0x00000000043f7cf0]
Event: 36.743 Thread 0x0000000017d5e800 9997 %     4       com.android.tools.r8.ir.optimize.CodeRewriter::a @ 8 (526 bytes)
Event: 36.762 Thread 0x0000000017d5e800 nmethod 9997% 0x00000000032d1150 code [0x00000000032d1300, 0x00000000032d1a68]
Event: 36.762 Thread 0x0000000017d5e800 9962 %     4       com.android.tools.r8.ir.optimize.f::a @ 23 (383 bytes)

GC Heap History (10 events):
Event: 31.455 GC heap before
{Heap before GC invocations=17 (full 3):
 PSYoungGen      total 345600K, used 334034K [0x00000000e0000000, 0x00000000f8880000, 0x0000000100000000)
  eden space 302080K, 100% used [0x00000000e0000000,0x00000000f2700000,0x00000000f2700000)
  from space 43520K, 73% used [0x00000000f2700000,0x00000000f4634978,0x00000000f5180000)
  to   space 39424K, 0% used [0x00000000f5180000,0x00000000f5180000,0x00000000f7800000)
 ParOldGen       total 254976K, used 76376K [0x00000000a0000000, 0x00000000af900000, 0x00000000e0000000)
  object space 254976K, 29% used [0x00000000a0000000,0x00000000a4a961b0,0x00000000af900000)
 Metaspace       used 74386K, capacity 78602K, committed 78744K, reserved 1118208K
  class space    used 10068K, capacity 10916K, committed 10920K, reserved 1048576K
Event: 31.481 GC heap after
Heap after GC invocations=17 (full 3):
 PSYoungGen      total 341504K, used 19661K [0x00000000e0000000, 0x00000000f8880000, 0x0000000100000000)
  eden space 302080K, 0% used [0x00000000e0000000,0x00000000e0000000,0x00000000f2700000)
  from space 39424K, 49% used [0x00000000f5180000,0x00000000f64b3730,0x00000000f7800000)
  to   space 43520K, 0% used [0x00000000f2700000,0x00000000f2700000,0x00000000f5180000)
 ParOldGen       total 254976K, used 93254K [0x00000000a0000000, 0x00000000af900000, 0x00000000e0000000)
  object space 254976K, 36% used [0x00000000a0000000,0x00000000a5b11af0,0x00000000af900000)
 Metaspace       used 74386K, capacity 78602K, committed 78744K, reserved 1118208K
  class space    used 10068K, capacity 10916K, committed 10920K, reserved 1048576K
}
Event: 31.860 GC heap before
{Heap before GC invocations=18 (full 3):
 PSYoungGen      total 341504K, used 321741K [0x00000000e0000000, 0x00000000f8880000, 0x0000000100000000)
  eden space 302080K, 100% used [0x00000000e0000000,0x00000000f2700000,0x00000000f2700000)
  from space 39424K, 49% used [0x00000000f5180000,0x00000000f64b3730,0x00000000f7800000)
  to   space 43520K, 0% used [0x00000000f2700000,0x00000000f2700000,0x00000000f5180000)
 ParOldGen       total 254976K, used 93254K [0x00000000a0000000, 0x00000000af900000, 0x00000000e0000000)
  object space 254976K, 36% used [0x00000000a0000000,0x00000000a5b11af0,0x00000000af900000)
 Metaspace       used 74705K, capacity 78922K, committed 79128K, reserved 1118208K
  class space    used 10089K, capacity 10922K, committed 11048K, reserved 1048576K
Event: 31.876 GC heap after
Heap after GC invocations=18 (full 3):
 PSYoungGen      total 345600K, used 13020K [0x00000000e0000000, 0x00000000f8880000, 0x0000000100000000)
  eden space 302080K, 0% used [0x00000000e0000000,0x00000000e0000000,0x00000000f2700000)
  from space 43520K, 29% used [0x00000000f2700000,0x00000000f33b7388,0x00000000f5180000)
  to   space 39424K, 0% used [0x00000000f5180000,0x00000000f5180000,0x00000000f7800000)
 ParOldGen       total 254976K, used 106124K [0x00000000a0000000, 0x00000000af900000, 0x00000000e0000000)
  object space 254976K, 41% used [0x00000000a0000000,0x00000000a67a3108,0x00000000af900000)
 Metaspace       used 74705K, capacity 78922K, committed 79128K, reserved 1118208K
  class space    used 10089K, capacity 10922K, committed 11048K, reserved 1048576K
}
Event: 32.458 GC heap before
{Heap before GC invocations=19 (full 3):
 PSYoungGen      total 345600K, used 315100K [0x00000000e0000000, 0x00000000f8880000, 0x0000000100000000)
  eden space 302080K, 100% used [0x00000000e0000000,0x00000000f2700000,0x00000000f2700000)
  from space 43520K, 29% used [0x00000000f2700000,0x00000000f33b7388,0x00000000f5180000)
  to   space 39424K, 0% used [0x00000000f5180000,0x00000000f5180000,0x00000000f7800000)
 ParOldGen       total 254976K, used 106124K [0x00000000a0000000, 0x00000000af900000, 0x00000000e0000000)
  object space 254976K, 41% used [0x00000000a0000000,0x00000000a67a3108,0x00000000af900000)
 Metaspace       used 74906K, capacity 79140K, committed 79384K, reserved 1118208K
  class space    used 10092K, capacity 10925K, committed 11048K, reserved 1048576K
Event: 32.475 GC heap after
Heap after GC invocations=19 (full 3):
 PSYoungGen      total 341504K, used 8068K [0x00000000e0000000, 0x00000000f8880000, 0x0000000100000000)
  eden space 302080K, 0% used [0x00000000e0000000,0x00000000e0000000,0x00000000f2700000)
  from space 39424K, 20% used [0x00000000f5180000,0x00000000f5961230,0x00000000f7800000)
  to   space 43520K, 0% used [0x00000000f2700000,0x00000000f2700000,0x00000000f5180000)
 ParOldGen       total 254976K, used 116755K [0x00000000a0000000, 0x00000000af900000, 0x00000000e0000000)
  object space 254976K, 45% used [0x00000000a0000000,0x00000000a7204ff8,0x00000000af900000)
 Metaspace       used 74906K, capacity 79140K, committed 79384K, reserved 1118208K
  class space    used 10092K, capacity 10925K, committed 11048K, reserved 1048576K
}
Event: 33.460 GC heap before
{Heap before GC invocations=20 (full 3):
 PSYoungGen      total 341504K, used 310148K [0x00000000e0000000, 0x00000000f8880000, 0x0000000100000000)
  eden space 302080K, 100% used [0x00000000e0000000,0x00000000f2700000,0x00000000f2700000)
  from space 39424K, 20% used [0x00000000f5180000,0x00000000f5961230,0x00000000f7800000)
  to   space 43520K, 0% used [0x00000000f2700000,0x00000000f2700000,0x00000000f5180000)
 ParOldGen       total 254976K, used 116755K [0x00000000a0000000, 0x00000000af900000, 0x00000000e0000000)
  object space 254976K, 45% used [0x00000000a0000000,0x00000000a7204ff8,0x00000000af900000)
 Metaspace       used 74983K, capacity 79208K, committed 79384K, reserved 1118208K
  class space    used 10092K, capacity 10925K, committed 11048K, reserved 1048576K
Event: 33.480 GC heap after
Heap after GC invocations=20 (full 3):
 PSYoungGen      total 345600K, used 6662K [0x00000000e0000000, 0x00000000f8880000, 0x0000000100000000)
  eden space 302080K, 0% used [0x00000000e0000000,0x00000000e0000000,0x00000000f2700000)
  from space 43520K, 15% used [0x00000000f2700000,0x00000000f2d81990,0x00000000f5180000)
  to   space 39424K, 0% used [0x00000000f5180000,0x00000000f5180000,0x00000000f7800000)
 ParOldGen       total 254976K, used 123318K [0x00000000a0000000, 0x00000000af900000, 0x00000000e0000000)
  object space 254976K, 48% used [0x00000000a0000000,0x00000000a786da98,0x00000000af900000)
 Metaspace       used 74983K, capacity 79208K, committed 79384K, reserved 1118208K
  class space    used 10092K, capacity 10925K, committed 11048K, reserved 1048576K
}
Event: 34.329 GC heap before
{Heap before GC invocations=21 (full 3):
 PSYoungGen      total 345600K, used 308742K [0x00000000e0000000, 0x00000000f8880000, 0x0000000100000000)
  eden space 302080K, 100% used [0x00000000e0000000,0x00000000f2700000,0x00000000f2700000)
  from space 43520K, 15% used [0x00000000f2700000,0x00000000f2d81990,0x00000000f5180000)
  to   space 39424K, 0% used [0x00000000f5180000,0x00000000f5180000,0x00000000f7800000)
 ParOldGen       total 254976K, used 123318K [0x00000000a0000000, 0x00000000af900000, 0x00000000e0000000)
  object space 254976K, 48% used [0x00000000a0000000,0x00000000a786da98,0x00000000af900000)
 Metaspace       used 75749K, capacity 80004K, committed 80152K, reserved 1118208K
  class space    used 10174K, capacity 11047K, committed 11048K, reserved 1048576K
Event: 34.340 GC heap after
Heap after GC invocations=21 (full 3):
 PSYoungGen      total 344064K, used 8366K [0x00000000e0000000, 0x00000000fc880000, 0x0000000100000000)
  eden space 304640K, 0% used [0x00000000e0000000,0x00000000e0000000,0x00000000f2980000)
  from space 39424K, 21% used [0x00000000f5180000,0x00000000f59aba18,0x00000000f7800000)
  to   space 40960K, 0% used [0x00000000f2980000,0x00000000f2980000,0x00000000f5180000)
 ParOldGen       total 254976K, used 128871K [0x00000000a0000000, 0x00000000af900000, 0x00000000e0000000)
  object space 254976K, 50% used [0x00000000a0000000,0x00000000a7dd9e10,0x00000000af900000)
 Metaspace       used 75749K, capacity 80004K, committed 80152K, reserved 1118208K
  class space    used 10174K, capacity 11047K, committed 11048K, reserved 1048576K
}

Deoptimization events (10 events):
Event: 34.976 Thread 0x0000000028677000 Uncommon trap: reason=bimorphic action=maybe_recompile pc=0x0000000002959c24 method=java.util.zip.InflaterInputStream.read([BII)I @ 100
Event: 34.995 Thread 0x0000000028677000 Uncommon trap: reason=class_check action=maybe_recompile pc=0x00000000035e2e70 method=java.util.zip.InflaterInputStream.read()I @ 11
Event: 34.995 Thread 0x0000000028677000 Uncommon trap: reason=bimorphic action=maybe_recompile pc=0x0000000002959c24 method=java.util.zip.InflaterInputStream.read([BII)I @ 100
Event: 35.088 Thread 0x0000000028676800 Uncommon trap: reason=unstable_if action=reinterpret pc=0x0000000003b55024 method=java.util.concurrent.ConcurrentHashMap.putVal(Ljava/lang/Object;Ljava/lang/Object;Z)Ljava/lang/Object; @ 331
Event: 35.100 Thread 0x0000000028676800 Uncommon trap: reason=unstable_if action=reinterpret pc=0x00000000030d1590 method=java.util.concurrent.ConcurrentHashMap.transfer([Ljava/util/concurrent/ConcurrentHashMap$Node;[Ljava/util/concurrent/ConcurrentHashMap$Node;)V @ 356
Event: 35.373 Thread 0x0000000028676800 Uncommon trap: reason=unstable_if action=reinterpret pc=0x0000000002a5c744 method=java.util.concurrent.ConcurrentHashMap$Traverser.advance()Ljava/util/concurrent/ConcurrentHashMap$Node; @ 84
Event: 35.410 Thread 0x0000000028676800 Uncommon trap: reason=array_check action=maybe_recompile pc=0x000000000480ae34 method=java.util.TimSort.reverseRange([Ljava/lang/Object;II)V @ 27
Event: 35.411 Thread 0x0000000028676800 Uncommon trap: reason=array_check action=maybe_recompile pc=0x000000000480ae34 method=java.util.TimSort.reverseRange([Ljava/lang/Object;II)V @ 27
Event: 35.664 Thread 0x0000000028681000 Uncommon trap: reason=null_check action=make_not_entrant pc=0x0000000003cc1440 method=com.android.tools.r8.graph.DexString.b(Ljava/lang/Object;)Z @ 1
Event: 35.664 Thread 0x0000000028681000 Uncommon trap: reason=unstable_if action=reinterpret pc=0x0000000003d0d868 method=java.util.Arrays.equals([Ljava/lang/Object;[Ljava/lang/Object;)Z @ 52

Classes redefined (0 events):
No events

Internal exceptions (10 events):
Event: 34.432 Thread 0x000000001cbf8800 Implicit null exception at 0x00000000038ba055 to 0x00000000038ba2dd
Event: 34.515 Thread 0x000000002867f800 Exception <a 'sun/nio/fs/WindowsException'> (0x00000000e30078e0) thrown at [D:\src\AOSP-openjdk-cygwin\jdk8u\hotspot\src\share\vm\prims\jni.cpp, line 710]
Event: 34.570 Thread 0x000000001cbf5800 Exception <a 'java/lang/NoSuchMethodError': <clinit>> (0x00000000e3b27d70) thrown at [D:\src\AOSP-openjdk-cygwin\jdk8u\hotspot\src\share\vm\prims\jni.cpp, line 1614]
Event: 34.581 Thread 0x000000001cbf5800 Exception <a 'java/lang/NoSuchMethodError': <clinit>> (0x00000000e3b4bf48) thrown at [D:\src\AOSP-openjdk-cygwin\jdk8u\hotspot\src\share\vm\prims\jni.cpp, line 1614]
Event: 34.604 Thread 0x0000000028677000 Exception <a 'java/lang/NoSuchMethodError': java.lang.Object.lambda$asRunnable$0(Lcom/android/tools/build/apkzlib/utils/IOExceptionRunnable;)V> (0x00000000e41149f8) thrown at [D:\src\AOSP-openjdk-cygwin\jdk8u\hotspot\src\share\vm\interpreter\linkResolver.
Event: 34.706 Thread 0x0000000028677000 Exception <a 'java/lang/NoSuchMethodError': java.lang.Object.newSystemTemporaryDirectory()Lcom/android/tools/build/apkzlib/bytestorage/TemporaryDirectory;> (0x00000000e5765040) thrown at [D:\src\AOSP-openjdk-cygwin\jdk8u\hotspot\src\share\vm\interpreter\l
Event: 34.930 Thread 0x000000001cbf7000 Exception <a 'sun/nio/fs/WindowsException'> (0x00000000e7e69478) thrown at [D:\src\AOSP-openjdk-cygwin\jdk8u\hotspot\src\share\vm\prims\jni.cpp, line 710]
Event: 35.032 Thread 0x0000000028676800 Exception <a 'sun/nio/fs/WindowsException'> (0x00000000e8fd5ff8) thrown at [D:\src\AOSP-openjdk-cygwin\jdk8u\hotspot\src\share\vm\prims\jni.cpp, line 710]
Event: 35.664 Thread 0x0000000028681000 Implicit null exception at 0x0000000003cc12cf to 0x0000000003cc1431
Event: 36.051 Thread 0x0000000028681000 Exception <a 'sun/nio/fs/WindowsException'> (0x00000000f088bcf0) thrown at [D:\src\AOSP-openjdk-cygwin\jdk8u\hotspot\src\share\vm\prims\jni.cpp, line 710]

Events (10 events):
Event: 36.063 Executing VM operation: RevokeBias done
Event: 36.063 Thread 0x0000000028680000 Thread exited: 0x0000000028680000
Event: 36.064 Thread 0x000000001cbfb800 Thread exited: 0x000000001cbfb800
Event: 36.064 Thread 0x0000000028681000 Thread exited: 0x0000000028681000
Event: 36.064 Thread 0x000000002867e800 Thread exited: 0x000000002867e800
Event: 36.064 Thread 0x0000000028683000 Thread exited: 0x0000000028683000
Event: 36.064 Thread 0x000000002867f800 Thread exited: 0x000000002867f800
Event: 36.064 Thread 0x000000002867e000 Thread exited: 0x000000002867e000
Event: 36.065 Thread 0x0000000028674000 Thread exited: 0x0000000028674000
Event: 36.065 Thread 0x0000000028681800 Thread exited: 0x0000000028681800


Dynamic libraries:
0x00007ff602750000 - 0x00007ff602781000 	D:\Android Studio\jre\bin\java.exe
0x00007ffb65640000 - 0x00007ffb65830000 	C:\WINDOWS\SYSTEM32\ntdll.dll
0x00007ffb65410000 - 0x00007ffb654c2000 	C:\WINDOWS\System32\KERNEL32.DLL
0x00007ffb632f0000 - 0x00007ffb63593000 	C:\WINDOWS\System32\KERNELBASE.dll
0x00007ffb64700000 - 0x00007ffb647a3000 	C:\WINDOWS\System32\ADVAPI32.dll
0x00007ffb64660000 - 0x00007ffb646fe000 	C:\WINDOWS\System32\msvcrt.dll
0x00007ffb65560000 - 0x00007ffb655f7000 	C:\WINDOWS\System32\sechost.dll
0x00007ffb637b0000 - 0x00007ffb638d0000 	C:\WINDOWS\System32\RPCRT4.dll
0x00007ffb64b00000 - 0x00007ffb64c94000 	C:\WINDOWS\System32\USER32.dll
0x00007ffb62630000 - 0x00007ffb62651000 	C:\WINDOWS\System32\win32u.dll
0x00007ffb642e0000 - 0x00007ffb64306000 	C:\WINDOWS\System32\GDI32.dll
0x00007ffb62910000 - 0x00007ffb62aa4000 	C:\WINDOWS\System32\gdi32full.dll
0x00007ffb62ad0000 - 0x00007ffb62b6e000 	C:\WINDOWS\System32\msvcp_win.dll
0x00007ffb62810000 - 0x00007ffb6290a000 	C:\WINDOWS\System32\ucrtbase.dll
0x00007ffb4e100000 - 0x00007ffb4e385000 	C:\WINDOWS\WinSxS\amd64_microsoft.windows.common-controls_6595b64144ccf1df_6.0.18362.719_none_e6c7b883130c6729\COMCTL32.dll
0x00007ffb64320000 - 0x00007ffb64656000 	C:\WINDOWS\System32\combase.dll
0x00007ffb62660000 - 0x00007ffb626e0000 	C:\WINDOWS\System32\bcryptPrimitives.dll
0x00007ffb639b0000 - 0x00007ffb639de000 	C:\WINDOWS\System32\IMM32.DLL
0x000000005f6a0000 - 0x000000005f772000 	D:\Android Studio\jre\jre\bin\msvcr100.dll
0x000000005f780000 - 0x000000005ffc6000 	D:\Android Studio\jre\jre\bin\server\jvm.dll
0x00007ffb654d0000 - 0x00007ffb654d8000 	C:\WINDOWS\System32\PSAPI.DLL
0x00007ffb534f0000 - 0x00007ffb534f9000 	C:\WINDOWS\SYSTEM32\WSOCK32.dll
0x00007ffb55e40000 - 0x00007ffb55e64000 	C:\WINDOWS\SYSTEM32\WINMM.dll
0x00007ffb5d350000 - 0x00007ffb5d35a000 	C:\WINDOWS\SYSTEM32\VERSION.dll
0x00007ffb65240000 - 0x00007ffb652af000 	C:\WINDOWS\System32\WS2_32.dll
0x00007ffb55df0000 - 0x00007ffb55e1d000 	C:\WINDOWS\SYSTEM32\winmmbase.dll
0x00007ffb626e0000 - 0x00007ffb6272a000 	C:\WINDOWS\System32\cfgmgr32.dll
0x00007ffb5e660000 - 0x00007ffb5e66f000 	D:\Android Studio\jre\jre\bin\verify.dll
0x00007ffb59290000 - 0x00007ffb592b9000 	D:\Android Studio\jre\jre\bin\java.dll
0x00007ffb5c220000 - 0x00007ffb5c236000 	D:\Android Studio\jre\jre\bin\zip.dll
0x00007ffb63bf0000 - 0x00007ffb642d5000 	C:\WINDOWS\System32\SHELL32.dll
0x00007ffb64820000 - 0x00007ffb648c9000 	C:\WINDOWS\System32\shcore.dll
0x00007ffb62b70000 - 0x00007ffb632f0000 	C:\WINDOWS\System32\windows.storage.dll
0x00007ffb62510000 - 0x00007ffb62533000 	C:\WINDOWS\System32\profapi.dll
0x00007ffb62540000 - 0x00007ffb6258a000 	C:\WINDOWS\System32\powrprof.dll
0x00007ffb62500000 - 0x00007ffb62510000 	C:\WINDOWS\System32\UMPDC.dll
0x00007ffb63750000 - 0x00007ffb637a2000 	C:\WINDOWS\System32\shlwapi.dll
0x00007ffb62590000 - 0x00007ffb625a1000 	C:\WINDOWS\System32\kernel.appcore.dll
0x00007ffb62ab0000 - 0x00007ffb62ac7000 	C:\WINDOWS\System32\cryptsp.dll
0x00007ffb5baf0000 - 0x00007ffb5bb0a000 	D:\Android Studio\jre\jre\bin\net.dll
0x00007ffb56310000 - 0x00007ffb564e5000 	C:\WINDOWS\SYSTEM32\urlmon.dll
0x00007ffb56020000 - 0x00007ffb562c6000 	C:\WINDOWS\SYSTEM32\iertutil.dll
0x00007ffb61f40000 - 0x00007ffb61f4c000 	C:\WINDOWS\SYSTEM32\CRYPTBASE.DLL
0x00007ffb61d70000 - 0x00007ffb61dd7000 	C:\WINDOWS\system32\mswsock.dll
0x00007ffb5b690000 - 0x00007ffb5b6a3000 	D:\Android Studio\jre\jre\bin\nio.dll
0x00007ffb5ba90000 - 0x00007ffb5bab6000 	C:\Users\beati\.gradle\native\29\windows-amd64\native-platform.dll
0x00007ffb5d660000 - 0x00007ffb5d66d000 	D:\Android Studio\jre\jre\bin\management.dll
0x00007ffb618e0000 - 0x00007ffb61913000 	C:\WINDOWS\system32\rsaenh.dll
0x00007ffb62730000 - 0x00007ffb62756000 	C:\WINDOWS\System32\bcrypt.dll
0x00007ffb623f0000 - 0x00007ffb62415000 	C:\WINDOWS\SYSTEM32\USERENV.dll
0x00007ffb61a80000 - 0x00007ffb61aba000 	C:\WINDOWS\SYSTEM32\IPHLPAPI.DLL
0x00007ffb638d0000 - 0x00007ffb638d8000 	C:\WINDOWS\System32\NSI.dll
0x00007ffb5b2c0000 - 0x00007ffb5b2d6000 	C:\WINDOWS\SYSTEM32\dhcpcsvc6.DLL
0x00007ffb5b3c0000 - 0x00007ffb5b3dc000 	C:\WINDOWS\SYSTEM32\dhcpcsvc.DLL
0x00007ffb61ac0000 - 0x00007ffb61b8a000 	C:\WINDOWS\SYSTEM32\DNSAPI.dll

VM Arguments:
jvm_args: -Xmx1536m -Dfile.encoding=windows-1252 -Duser.country=US -Duser.language=en -Duser.variant 
java_command: org.gradle.launcher.daemon.bootstrap.GradleDaemon 5.4.1
java_class_path (initial): C:\Users\beati\.gradle\wrapper\dists\gradle-5.4.1-all\3221gyojl5jsh0helicew7rwx\gradle-5.4.1\lib\gradle-launcher-5.4.1.jar
Launcher Type: SUN_STANDARD

Environment Variables:
PATH=C:\Python27\;C:\Python27\Scripts;C:\Program Files\NVIDIA GPU Computing Toolkit\CUDA\v10.2\bin;C:\Program Files\NVIDIA GPU Computing Toolkit\CUDA\v10.2\libnvvp;C:\Program Files (x86)\Common Files\Intel\Shared Libraries\redist\intel64\compiler;C:\WINDOWS\system32;C:\WINDOWS;C:\WINDOWS\System32\Wbem;C:\WINDOWS\System32\WindowsPowerShell\v1.0\;C:\WINDOWS\System32\OpenSSH\;C:\Program Files (x86)\QuickTime\QTSystem\;C:\Program Files (x86)\NVIDIA Corporation\PhysX\Common;C:\Program Files\NVIDIA Corporation\NVIDIA NvDLISR;C:\Program Files\NVIDIA Corporation\Nsight Compute 2019.5.0\;D:\nodejs\;C:\ProgramData\chocolatey\bin;C:\Users\beati\AppData\Local\Microsoft\WindowsApps;C:\Users\beati\AppData\Roaming\npm
USERNAME=beati
OS=Windows_NT
PROCESSOR_IDENTIFIER=Intel64 Family 6 Model 158 Stepping 10, GenuineIntel



---------------  S Y S T E M  ---------------

OS: Windows 10.0 , 64 bit Build 18362 (10.0.18362.329)

CPU:total 12 (initial active 12) (6 cores per cpu, 2 threads per core) family 6 model 158 stepping 10, cmov, cx8, fxsr, mmx, sse, sse2, sse3, ssse3, sse4.1, sse4.2, popcnt, avx, avx2, aes, clmul, erms, 3dnowpref, lzcnt, ht, tsc, tscinvbit, bmi1, bmi2, adx

Memory: 4k page, physical 16566556k(4861748k free), swap 66898204k(5868k free)

vm_info: OpenJDK 64-Bit Server VM (25.212-b04) for windows-amd64 JRE (1.8.0_212-release-1586-b04), built by "builder" with MS VC++ 10.0 (VS2010)

time: Sat Mar 14 22:28:01 2020
timezone: Eastern Daylight Time
elapsed time: 36 seconds (0d 0h 0m 36s)

