#
# There is insufficient memory for the Java Runtime Environment to continue.
# Native memory allocation (malloc) failed to allocate 684816 bytes for Chunk::new
# Possible reasons:
#   The system is out of physical RAM or swap space
#   The process is running with CompressedOops enabled, and the Java Heap may be blocking the growth of the native heap
# Possible solutions:
#   Reduce memory load on the system
#   Increase physical memory or swap space
#   Check if swap backing store is full
#   Decrease Java heap size (-Xmx/-Xms)
#   Decrease number of Java threads
#   Decrease Java thread stack sizes (-Xss)
#   Set larger code cache with -XX:ReservedCodeCacheSize=
#   JVM is running with Unscaled Compressed Oops mode in which the Java heap is
#     placed in the first 4GB address space. The Java Heap base address is the
#     maximum limit for the native heap growth. Please use -XX:HeapBaseMinAddress
#     to set the Java Heap base and to place the Java Heap above 4GB virtual address.
# This output file may be truncated or incomplete.
#
#  Out of Memory Error (allocation.cpp:389), pid=8712, tid=0x0000000000002f2c
#
# JRE version: OpenJDK Runtime Environment (8.0_212-b04) (build 1.8.0_212-release-1586-b04)
# Java VM: OpenJDK 64-Bit Server VM (25.212-b04 mixed mode windows-amd64 compressed oops)
# Failed to write core dump. Minidumps are not enabled by default on client versions of Windows
#

---------------  T H R E A D  ---------------

Current thread (0x00000000184b5800):  JavaThread "C2 CompilerThread1" daemon [_thread_in_native, id=12076, stack(0x0000000019c00000,0x0000000019d00000)]

Stack: [0x0000000019c00000,0x0000000019d00000]
[error occurred during error reporting (printing stack bounds), id 0xc0000005]

Native frames: (J=compiled Java code, j=interpreted, Vv=VM code, C=native code)


Current CompileTask:
C2:   5761 3914       4       com.sun.beans.TypeResolver::resolve (37 bytes)


---------------  P R O C E S S  ---------------

Java Threads: ( => current thread )
  0x000000001e7c2800 JavaThread "Cache worker for Build Output Cleanup Cache (C:\Users\beati\OneDrive\Desktop\LinguaBox-cole\LinguaBox\.gradle\buildOutputCleanup)" [_thread_blocked, id=17860, stack(0x00000000243f0000,0x00000000244f0000)]
  0x000000001e7c1800 JavaThread "pool-1-thread-1" [_thread_blocked, id=13744, stack(0x0000000023fd0000,0x00000000240d0000)]
  0x000000001e7c0000 JavaThread "Build operations Thread 12" [_thread_blocked, id=10188, stack(0x00000000242f0000,0x00000000243f0000)]
  0x000000001e7b8800 JavaThread "Build operations Thread 11" [_thread_blocked, id=6292, stack(0x00000000241f0000,0x00000000242f0000)]
  0x000000001e7bf800 JavaThread "Build operations Thread 10" [_thread_blocked, id=16896, stack(0x00000000240f0000,0x00000000241f0000)]
  0x000000001e7b8000 JavaThread "Build operations Thread 9" [_thread_blocked, id=3116, stack(0x0000000023ed0000,0x0000000023fd0000)]
  0x000000001e7be800 JavaThread "Build operations Thread 8" [_thread_blocked, id=9944, stack(0x0000000023dd0000,0x0000000023ed0000)]
  0x000000001e7be000 JavaThread "Build operations Thread 7" [_thread_blocked, id=18324, stack(0x0000000023cd0000,0x0000000023dd0000)]
  0x000000001e7bd000 JavaThread "Build operations Thread 6" [_thread_blocked, id=13448, stack(0x0000000023bd0000,0x0000000023cd0000)]
  0x000000001e7b7000 JavaThread "Build operations Thread 5" [_thread_blocked, id=8856, stack(0x0000000023ad0000,0x0000000023bd0000)]
  0x000000001e7b5800 JavaThread "Build operations Thread 4" [_thread_blocked, id=17228, stack(0x00000000239d0000,0x0000000023ad0000)]
  0x000000001e7bb000 JavaThread "Build operations Thread 3" [_thread_blocked, id=1596, stack(0x00000000238d0000,0x00000000239d0000)]
  0x000000001e7b6800 JavaThread "Build operations Thread 2" [_thread_blocked, id=4912, stack(0x00000000237d0000,0x00000000238d0000)]
  0x000000001e7bc800 JavaThread "Build operations" [_thread_blocked, id=5080, stack(0x0000000020ac0000,0x0000000020bc0000)]
  0x000000001e7b9800 JavaThread "Cache worker for execution history cache (C:\Users\beati\.gradle\caches\5.4.1\executionHistory)" [_thread_blocked, id=6980, stack(0x0000000023230000,0x0000000023330000)]
  0x000000001e7ba000 JavaThread "Cache worker for cache directory md-rule (C:\Users\beati\.gradle\caches\5.4.1\md-rule)" [_thread_blocked, id=11740, stack(0x0000000021c80000,0x0000000021d80000)]
  0x000000001e7bb800 JavaThread "Cache worker for cache directory md-supplier (C:\Users\beati\.gradle\caches\5.4.1\md-supplier)" [_thread_blocked, id=10484, stack(0x00000000209c0000,0x0000000020ac0000)]
  0x000000001ab9f800 JavaThread "Cache worker for file hash cache (C:\Users\beati\OneDrive\Desktop\LinguaBox-cole\LinguaBox\.gradle\5.4.1\fileHashes)" [_thread_blocked, id=12976, stack(0x00000000202c0000,0x00000000203c0000)]
  0x000000001aba1000 JavaThread "Cache worker for journal cache (C:\Users\beati\.gradle\caches\journal-1)" [_thread_blocked, id=5132, stack(0x000000001de20000,0x000000001df20000)]
  0x000000001ab9c800 JavaThread "File lock request listener" [_thread_in_native, id=18560, stack(0x000000001dd20000,0x000000001de20000)]
  0x000000001b731000 JavaThread "Cache worker for file hash cache (C:\Users\beati\.gradle\caches\5.4.1\fileHashes)" [_thread_blocked, id=9384, stack(0x000000001dc20000,0x000000001dd20000)]
  0x000000001b5ba000 JavaThread "Thread-9" [_thread_blocked, id=9072, stack(0x000000001cb50000,0x000000001cc50000)]
  0x000000001b5b6000 JavaThread "Stdin handler" [_thread_blocked, id=2444, stack(0x000000001ca50000,0x000000001cb50000)]
  0x000000001b5b5000 JavaThread "Asynchronous log dispatcher for DefaultDaemonConnection: socket connection from /127.0.0.1:62865 to /127.0.0.1:62866" [_thread_blocked, id=18600, stack(0x000000001c950000,0x000000001ca50000)]
  0x000000001b5a9000 JavaThread "Daemon worker" [_thread_in_Java, id=6300, stack(0x000000001c850000,0x000000001c950000)]
  0x000000001b5a8800 JavaThread "Cancel handler" [_thread_blocked, id=7572, stack(0x000000001c650000,0x000000001c750000)]
  0x000000001b1a8000 JavaThread "Handler for socket connection from /127.0.0.1:62865 to /127.0.0.1:62866" [_thread_in_native, id=18664, stack(0x000000001c350000,0x000000001c450000)]
  0x000000001b1a7000 JavaThread "Daemon" [_thread_blocked, id=15432, stack(0x000000001c250000,0x000000001c350000)]
  0x000000001b17c000 JavaThread "Daemon periodic checks" [_thread_blocked, id=18688, stack(0x000000001c150000,0x000000001c250000)]
  0x000000001b175800 JavaThread "Incoming local TCP Connector on port 62865" [_thread_in_native, id=1268, stack(0x000000001bf10000,0x000000001c010000)]
  0x000000001b0b7000 JavaThread "Daemon health stats" [_thread_blocked, id=8592, stack(0x000000001b8d0000,0x000000001b9d0000)]
  0x0000000018540800 JavaThread "Service Thread" daemon [_thread_blocked, id=9356, stack(0x0000000019f00000,0x000000001a000000)]
  0x00000000184b9000 JavaThread "C1 CompilerThread3" daemon [_thread_blocked, id=14960, stack(0x0000000019e00000,0x0000000019f00000)]
  0x00000000184b8800 JavaThread "C2 CompilerThread2" daemon [_thread_in_native, id=18312, stack(0x0000000019d00000,0x0000000019e00000)]
=>0x00000000184b5800 JavaThread "C2 CompilerThread1" daemon [_thread_in_native, id=12076, stack(0x0000000019c00000,0x0000000019d00000)]
  0x00000000184ad800 JavaThread "C2 CompilerThread0" daemon [_thread_in_native, id=18564, stack(0x0000000019b00000,0x0000000019c00000)]
  0x00000000184ab000 JavaThread "Attach Listener" daemon [_thread_blocked, id=9536, stack(0x0000000019a00000,0x0000000019b00000)]
  0x00000000184aa000 JavaThread "Signal Dispatcher" daemon [_thread_blocked, id=3652, stack(0x0000000019900000,0x0000000019a00000)]
  0x0000000016dd2800 JavaThread "Finalizer" daemon [_thread_blocked, id=7740, stack(0x0000000019700000,0x0000000019800000)]
  0x00000000184a3000 JavaThread "Reference Handler" daemon [_thread_blocked, id=14916, stack(0x0000000019600000,0x0000000019700000)]
  0x0000000002b6d800 JavaThread "main" [_thread_blocked, id=6516, stack(0x0000000002c10000,0x0000000002d10000)]

Other Threads:
  0x0000000018482800 VMThread [stack: 0x0000000019500000,0x0000000019600000] [id=9524]
  0x0000000018542800 WatcherThread [stack: 0x000000001a000000,0x000000001a100000] [id=18696]

VM state:not at safepoint (normal execution)

VM Mutex/Monitor currently owned by a thread: None

heap address: 0x00000000a0000000, size: 1536 MB, Compressed Oops mode: 32-bit
Narrow klass base: 0x0000000000000000, Narrow klass shift: 3
Compressed class space size: 1073741824 Address: 0x0000000100000000

Heap:
 PSYoungGen      total 165888K, used 114864K [0x00000000e0000000, 0x00000000edf00000, 0x0000000100000000)
  eden space 152576K, 75% used [0x00000000e0000000,0x00000000e702c0e0,0x00000000e9500000)
  from space 13312K, 0% used [0x00000000ea180000,0x00000000ea180000,0x00000000eae80000)
  to   space 12800K, 0% used [0x00000000e9500000,0x00000000e9500000,0x00000000ea180000)
 ParOldGen       total 161792K, used 16249K [0x00000000a0000000, 0x00000000a9e00000, 0x00000000e0000000)
  object space 161792K, 10% used [0x00000000a0000000,0x00000000a0fde688,0x00000000a9e00000)
 Metaspace       used 45232K, capacity 46216K, committed 46464K, reserved 1089536K
  class space    used 6103K, capacity 6403K, committed 6528K, reserved 1048576K

Card table byte_map: [0x00000000121d0000,0x00000000124e0000] byte_map_base: 0x0000000011cd0000

Marking Bits: (ParMarkBitMap*) 0x000000005ff49f30
 Begin Bits: [0x00000000130e0000, 0x00000000148e0000)
 End Bits:   [0x00000000148e0000, 0x00000000160e0000)

Polling page: 0x0000000000d80000

CodeCache: size=245760Kb used=13602Kb max_used=13602Kb free=232157Kb
 bounds [0x0000000002e10000, 0x0000000003b70000, 0x0000000011e10000]
 total_blobs=4647 nmethods=3873 adapters=687
 compilation: enabled

Compilation events (10 events):
Event: 5.746 Thread 0x00000000184b9000 3926       3       java.util.LinkedList$ListItr::hasPrevious (13 bytes)
Event: 5.746 Thread 0x00000000184b9000 nmethod 3926 0x0000000003b55290 code [0x0000000003b553e0, 0x0000000003b55590]
Event: 5.749 Thread 0x00000000184b9000 3927       3       java.util.LinkedList::addFirst (6 bytes)
Event: 5.750 Thread 0x00000000184b9000 nmethod 3927 0x0000000003b5bc90 code [0x0000000003b5be00, 0x0000000003b5bf88]
Event: 5.750 Thread 0x00000000184b9000 3928       3       java.util.LinkedList::linkFirst (59 bytes)
Event: 5.750 Thread 0x00000000184b9000 nmethod 3928 0x0000000003b60550 code [0x0000000003b606c0, 0x0000000003b60a10]
Event: 5.752 Thread 0x00000000184b9000 3929  s    3       java.lang.ClassValue$ClassValueMap::finishEntry (117 bytes)
Event: 5.753 Thread 0x00000000184b9000 nmethod 3929 0x0000000003b61150 code [0x0000000003b613c0, 0x0000000003b627d8]
Event: 5.753 Thread 0x00000000184b9000 3930       1       org.gradle.internal.metaobject.BeanDynamicObject::access$500 (5 bytes)
Event: 5.754 Thread 0x00000000184b9000 nmethod 3930 0x0000000003b62f10 code [0x0000000003b63060, 0x0000000003b63150]

GC Heap History (10 events):
Event: 2.265 GC heap before
{Heap before GC invocations=4 (full 1):
 PSYoungGen      total 75776K, used 10728K [0x00000000e0000000, 0x00000000e9400000, 0x0000000100000000)
  eden space 65024K, 0% used [0x00000000e0000000,0x00000000e0000000,0x00000000e3f80000)
  from space 10752K, 99% used [0x00000000e3f80000,0x00000000e49fa3e8,0x00000000e4a00000)
  to   space 10752K, 0% used [0x00000000e8980000,0x00000000e8980000,0x00000000e9400000)
 ParOldGen       total 173568K, used 525K [0x00000000a0000000, 0x00000000aa980000, 0x00000000e0000000)
  object space 173568K, 0% used [0x00000000a0000000,0x00000000a0083408,0x00000000aa980000)
 Metaspace       used 20708K, capacity 21132K, committed 21296K, reserved 1067008K
  class space    used 2947K, capacity 3116K, committed 3200K, reserved 1048576K
Event: 2.290 GC heap after
Heap after GC invocations=4 (full 1):
 PSYoungGen      total 75776K, used 0K [0x00000000e0000000, 0x00000000e9400000, 0x0000000100000000)
  eden space 65024K, 0% used [0x00000000e0000000,0x00000000e0000000,0x00000000e3f80000)
  from space 10752K, 0% used [0x00000000e3f80000,0x00000000e3f80000,0x00000000e4a00000)
  to   space 10752K, 0% used [0x00000000e8980000,0x00000000e8980000,0x00000000e9400000)
 ParOldGen       total 108032K, used 10936K [0x00000000a0000000, 0x00000000a6980000, 0x00000000e0000000)
  object space 108032K, 10% used [0x00000000a0000000,0x00000000a0aae1c8,0x00000000a6980000)
 Metaspace       used 20708K, capacity 21132K, committed 21296K, reserved 1067008K
  class space    used 2947K, capacity 3116K, committed 3200K, reserved 1048576K
}
Event: 3.088 GC heap before
{Heap before GC invocations=5 (full 1):
 PSYoungGen      total 75776K, used 65024K [0x00000000e0000000, 0x00000000e9400000, 0x0000000100000000)
  eden space 65024K, 100% used [0x00000000e0000000,0x00000000e3f80000,0x00000000e3f80000)
  from space 10752K, 0% used [0x00000000e3f80000,0x00000000e3f80000,0x00000000e4a00000)
  to   space 10752K, 0% used [0x00000000e8980000,0x00000000e8980000,0x00000000e9400000)
 ParOldGen       total 108032K, used 10936K [0x00000000a0000000, 0x00000000a6980000, 0x00000000e0000000)
  object space 108032K, 10% used [0x00000000a0000000,0x00000000a0aae1c8,0x00000000a6980000)
 Metaspace       used 28811K, capacity 29290K, committed 29440K, reserved 1075200K
  class space    used 3890K, capacity 4082K, committed 4096K, reserved 1048576K
Event: 3.099 GC heap after
Heap after GC invocations=5 (full 1):
 PSYoungGen      total 108032K, used 7967K [0x00000000e0000000, 0x00000000e9180000, 0x0000000100000000)
  eden space 99840K, 0% used [0x00000000e0000000,0x00000000e0000000,0x00000000e6180000)
  from space 8192K, 97% used [0x00000000e8980000,0x00000000e9147cd8,0x00000000e9180000)
  to   space 10752K, 0% used [0x00000000e7c80000,0x00000000e7c80000,0x00000000e8700000)
 ParOldGen       total 108032K, used 10944K [0x00000000a0000000, 0x00000000a6980000, 0x00000000e0000000)
  object space 108032K, 10% used [0x00000000a0000000,0x00000000a0ab01c8,0x00000000a6980000)
 Metaspace       used 28811K, capacity 29290K, committed 29440K, reserved 1075200K
  class space    used 3890K, capacity 4082K, committed 4096K, reserved 1048576K
}
Event: 4.239 GC heap before
{Heap before GC invocations=6 (full 1):
 PSYoungGen      total 108032K, used 107807K [0x00000000e0000000, 0x00000000e9180000, 0x0000000100000000)
  eden space 99840K, 100% used [0x00000000e0000000,0x00000000e6180000,0x00000000e6180000)
  from space 8192K, 97% used [0x00000000e8980000,0x00000000e9147cd8,0x00000000e9180000)
  to   space 10752K, 0% used [0x00000000e7c80000,0x00000000e7c80000,0x00000000e8700000)
 ParOldGen       total 108032K, used 10944K [0x00000000a0000000, 0x00000000a6980000, 0x00000000e0000000)
  object space 108032K, 10% used [0x00000000a0000000,0x00000000a0ab01c8,0x00000000a6980000)
 Metaspace       used 33720K, capacity 34358K, committed 34560K, reserved 1079296K
  class space    used 4655K, capacity 4846K, committed 4864K, reserved 1048576K
Event: 4.251 GC heap after
Heap after GC invocations=6 (full 1):
 PSYoungGen      total 138240K, used 10725K [0x00000000e0000000, 0x00000000eae80000, 0x0000000100000000)
  eden space 127488K, 0% used [0x00000000e0000000,0x00000000e0000000,0x00000000e7c80000)
  from space 10752K, 99% used [0x00000000e7c80000,0x00000000e86f94c8,0x00000000e8700000)
  to   space 13312K, 0% used [0x00000000ea180000,0x00000000ea180000,0x00000000eae80000)
 ParOldGen       total 108032K, used 11078K [0x00000000a0000000, 0x00000000a6980000, 0x00000000e0000000)
  object space 108032K, 10% used [0x00000000a0000000,0x00000000a0ad18a0,0x00000000a6980000)
 Metaspace       used 33720K, capacity 34358K, committed 34560K, reserved 1079296K
  class space    used 4655K, capacity 4846K, committed 4864K, reserved 1048576K
}
Event: 4.592 GC heap before
{Heap before GC invocations=7 (full 1):
 PSYoungGen      total 138240K, used 41381K [0x00000000e0000000, 0x00000000eae80000, 0x0000000100000000)
  eden space 127488K, 24% used [0x00000000e0000000,0x00000000e1df0068,0x00000000e7c80000)
  from space 10752K, 99% used [0x00000000e7c80000,0x00000000e86f94c8,0x00000000e8700000)
  to   space 13312K, 0% used [0x00000000ea180000,0x00000000ea180000,0x00000000eae80000)
 ParOldGen       total 108032K, used 11078K [0x00000000a0000000, 0x00000000a6980000, 0x00000000e0000000)
  object space 108032K, 10% used [0x00000000a0000000,0x00000000a0ad18a0,0x00000000a6980000)
 Metaspace       used 34610K, capacity 35350K, committed 35496K, reserved 1079296K
  class space    used 4769K, capacity 5028K, committed 5120K, reserved 1048576K
Event: 4.601 GC heap after
Heap after GC invocations=7 (full 1):
 PSYoungGen      total 165888K, used 8825K [0x00000000e0000000, 0x00000000edf00000, 0x0000000100000000)
  eden space 152576K, 0% used [0x00000000e0000000,0x00000000e0000000,0x00000000e9500000)
  from space 13312K, 66% used [0x00000000ea180000,0x00000000eaa1e408,0x00000000eae80000)
  to   space 12800K, 0% used [0x00000000e9500000,0x00000000e9500000,0x00000000ea180000)
 ParOldGen       total 108032K, used 11086K [0x00000000a0000000, 0x00000000a6980000, 0x00000000e0000000)
  object space 108032K, 10% used [0x00000000a0000000,0x00000000a0ad38a0,0x00000000a6980000)
 Metaspace       used 34610K, capacity 35350K, committed 35496K, reserved 1079296K
  class space    used 4769K, capacity 5028K, committed 5120K, reserved 1048576K
}
Event: 4.601 GC heap before
{Heap before GC invocations=8 (full 2):
 PSYoungGen      total 165888K, used 8825K [0x00000000e0000000, 0x00000000edf00000, 0x0000000100000000)
  eden space 152576K, 0% used [0x00000000e0000000,0x00000000e0000000,0x00000000e9500000)
  from space 13312K, 66% used [0x00000000ea180000,0x00000000eaa1e408,0x00000000eae80000)
  to   space 12800K, 0% used [0x00000000e9500000,0x00000000e9500000,0x00000000ea180000)
 ParOldGen       total 108032K, used 11086K [0x00000000a0000000, 0x00000000a6980000, 0x00000000e0000000)
  object space 108032K, 10% used [0x00000000a0000000,0x00000000a0ad38a0,0x00000000a6980000)
 Metaspace       used 34610K, capacity 35350K, committed 35496K, reserved 1079296K
  class space    used 4769K, capacity 5028K, committed 5120K, reserved 1048576K
Event: 4.649 GC heap after
Heap after GC invocations=8 (full 2):
 PSYoungGen      total 165888K, used 0K [0x00000000e0000000, 0x00000000edf00000, 0x0000000100000000)
  eden space 152576K, 0% used [0x00000000e0000000,0x00000000e0000000,0x00000000e9500000)
  from space 13312K, 0% used [0x00000000ea180000,0x00000000ea180000,0x00000000eae80000)
  to   space 12800K, 0% used [0x00000000e9500000,0x00000000e9500000,0x00000000ea180000)
 ParOldGen       total 161792K, used 16249K [0x00000000a0000000, 0x00000000a9e00000, 0x00000000e0000000)
  object space 161792K, 10% used [0x00000000a0000000,0x00000000a0fde688,0x00000000a9e00000)
 Metaspace       used 34575K, capacity 35236K, committed 35496K, reserved 1079296K
  class space    used 4759K, capacity 5009K, committed 5120K, reserved 1048576K
}

Deoptimization events (10 events):
Event: 5.251 Thread 0x000000001b5a9000 Uncommon trap: reason=unstable_if action=reinterpret pc=0x00000000032d4e70 method=java.util.jar.JarFile.maybeInstantiateVerifier()V @ 4
Event: 5.252 Thread 0x000000001b5a9000 Uncommon trap: reason=unstable_if action=reinterpret pc=0x0000000002f2b254 method=java.util.jar.JarFile.maybeInstantiateVerifier()V @ 4
Event: 5.252 Thread 0x000000001b5a9000 Uncommon trap: reason=unstable_if action=reinterpret pc=0x00000000039148f0 method=java.security.CodeSource.<init>(Ljava/net/URL;[Ljava/security/CodeSigner;)V @ 25
Event: 5.252 Thread 0x000000001b5a9000 Uncommon trap: reason=unstable_if action=reinterpret pc=0x00000000033501ac method=java.security.CodeSource.getCertificates()[Ljava/security/cert/Certificate; @ 22
Event: 5.253 Thread 0x000000001b5a9000 Uncommon trap: reason=unstable_if action=reinterpret pc=0x0000000003697b78 method=java.util.jar.JarFile.maybeInstantiateVerifier()V @ 4
Event: 5.253 Thread 0x000000001b5a9000 Uncommon trap: reason=unstable_if action=reinterpret pc=0x00000000039985fc method=java.security.CodeSource.matchCerts(Ljava/security/CodeSource;Z)Z @ 11
Event: 5.274 Thread 0x000000001b5a9000 Uncommon trap: reason=unstable_if action=reinterpret pc=0x0000000002f12bfc method=java.util.LinkedHashMap.get(Ljava/lang/Object;)Ljava/lang/Object; @ 20
Event: 5.310 Thread 0x000000001b5a9000 Uncommon trap: reason=unstable_if action=reinterpret pc=0x0000000003998b7c method=java.security.CodeSource.matchCerts(Ljava/security/CodeSource;Z)Z @ 11
Event: 5.346 Thread 0x000000001b5a9000 Uncommon trap: reason=unstable_if action=reinterpret pc=0x000000000365faa8 method=org.objectweb.asm.ByteVector.putUTF8(Ljava/lang/String;)Lorg/objectweb/asm/ByteVector; @ 93
Event: 5.646 Thread 0x000000001b5a9000 Uncommon trap: reason=unstable_if action=reinterpret pc=0x0000000003686d20 method=org.gradle.internal.reflect.PropertyAccessorType.of(Ljava/lang/reflect/Method;)Lorg/gradle/internal/reflect/PropertyAccessorType; @ 56

Classes redefined (0 events):
No events

Internal exceptions (10 events):
Event: 5.742 Thread 0x000000001b5a9000 Exception <a 'java/lang/ClassNotFoundException': org/gradle/api/internal/FactoryNamedDomainObjectContainerCustomizer> (0x00000000e6d994a0) thrown at [D:\src\AOSP-openjdk-cygwin\jdk8u\hotspot\src\share\vm\classfile\systemDictionary.cpp, line 210]
Event: 5.743 Thread 0x000000001b5a9000 Exception <a 'java/lang/ClassNotFoundException': org/gradle/api/internal/FactoryNamedDomainObjectContainer_DecoratedCustomizer> (0x00000000e6de7968) thrown at [D:\src\AOSP-openjdk-cygwin\jdk8u\hotspot\src\share\vm\classfile\systemDictionary.cpp, line 210]
Event: 5.746 Thread 0x000000001b5a9000 Exception <a 'java/lang/ClassNotFoundException': build_45p6y26fnav6cn7w6rf2d9vte$_run_closure1$_closure4BeanInfo> (0x00000000e6e453b8) thrown at [D:\src\AOSP-openjdk-cygwin\jdk8u\hotspot\src\share\vm\classfile\systemDictionary.cpp, line 210]
Event: 5.747 Thread 0x000000001b5a9000 Exception <a 'java/lang/ClassNotFoundException': build_45p6y26fnav6cn7w6rf2d9vte$_run_closure1$_closure4Customizer> (0x00000000e6e56ca8) thrown at [D:\src\AOSP-openjdk-cygwin\jdk8u\hotspot\src\share\vm\classfile\systemDictionary.cpp, line 210]
Event: 5.748 Thread 0x000000001b5a9000 Exception <a 'java/lang/ClassNotFoundException': build_45p6y26fnav6cn7w6rf2d9vte$_run_closure1BeanInfo> (0x00000000e6e80b58) thrown at [D:\src\AOSP-openjdk-cygwin\jdk8u\hotspot\src\share\vm\classfile\systemDictionary.cpp, line 210]
Event: 5.749 Thread 0x000000001b5a9000 Exception <a 'java/lang/ClassNotFoundException': build_45p6y26fnav6cn7w6rf2d9vte$_run_closure1Customizer> (0x00000000e6e91bc8) thrown at [D:\src\AOSP-openjdk-cygwin\jdk8u\hotspot\src\share\vm\classfile\systemDictionary.cpp, line 210]
Event: 5.756 Thread 0x000000001b5a9000 Exception <a 'java/lang/ClassNotFoundException': com/android/build/gradle/internal/CompileOptions_DecoratedBeanInfo> (0x00000000e6ef0c10) thrown at [D:\src\AOSP-openjdk-cygwin\jdk8u\hotspot\src\share\vm\classfile\systemDictionary.cpp, line 210]
Event: 5.756 Thread 0x000000001b5a9000 Exception <a 'java/lang/ClassNotFoundException': com/android/build/gradle/internal/CompileOptionsBeanInfo> (0x00000000e6f09ff0) thrown at [D:\src\AOSP-openjdk-cygwin\jdk8u\hotspot\src\share\vm\classfile\systemDictionary.cpp, line 210]
Event: 5.757 Thread 0x000000001b5a9000 Exception <a 'java/lang/ClassNotFoundException': com/android/build/gradle/internal/CompileOptionsCustomizer> (0x00000000e6f235c8) thrown at [D:\src\AOSP-openjdk-cygwin\jdk8u\hotspot\src\share\vm\classfile\systemDictionary.cpp, line 210]
Event: 5.758 Thread 0x000000001b5a9000 Exception <a 'java/lang/ClassNotFoundException': com/android/build/gradle/internal/CompileOptions_DecoratedCustomizer> (0x00000000e6f4cb80) thrown at [D:\src\AOSP-openjdk-cygwin\jdk8u\hotspot\src\share\vm\classfile\systemDictionary.cpp, line 210]

Events (10 events):
Event: 5.756 loading class com/android/build/gradle/internal/CompileOptionsCustomizer
Event: 5.756 loading class com/android/build/gradle/internal/CompileOptionsCustomizer done
Event: 5.757 loading class com/android/build/gradle/internal/CompileOptionsCustomizer
Event: 5.757 loading class com/android/build/gradle/internal/CompileOptionsCustomizer done
Event: 5.758 loading class com/android/build/gradle/internal/CompileOptions_DecoratedCustomizer
Event: 5.758 loading class com/android/build/gradle/internal/CompileOptions_DecoratedCustomizer done
Event: 5.758 loading class com/android/build/gradle/internal/CompileOptions_DecoratedCustomizer
Event: 5.758 loading class com/android/build/gradle/internal/CompileOptions_DecoratedCustomizer done
Event: 5.760 loading class java/math/BigDecimal$StringBuilderHelper
Event: 5.760 loading class java/math/BigDecimal$StringBuilderHelper done


Dynamic libraries:
0x00007ff602750000 - 0x00007ff602781000 	D:\Android Studio\jre\bin\java.exe
0x00007ffb65640000 - 0x00007ffb65830000 	C:\WINDOWS\SYSTEM32\ntdll.dll
0x00007ffb65410000 - 0x00007ffb654c2000 	C:\WINDOWS\System32\KERNEL32.DLL
0x00007ffb632f0000 - 0x00007ffb63593000 	C:\WINDOWS\System32\KERNELBASE.dll
0x00007ffb64700000 - 0x00007ffb647a3000 	C:\WINDOWS\System32\ADVAPI32.dll
0x00007ffb64660000 - 0x00007ffb646fe000 	C:\WINDOWS\System32\msvcrt.dll
0x00007ffb65560000 - 0x00007ffb655f7000 	C:\WINDOWS\System32\sechost.dll
0x00007ffb637b0000 - 0x00007ffb638d0000 	C:\WINDOWS\System32\RPCRT4.dll
0x00007ffb64b00000 - 0x00007ffb64c94000 	C:\WINDOWS\System32\USER32.dll
0x00007ffb62630000 - 0x00007ffb62651000 	C:\WINDOWS\System32\win32u.dll
0x00007ffb642e0000 - 0x00007ffb64306000 	C:\WINDOWS\System32\GDI32.dll
0x00007ffb62910000 - 0x00007ffb62aa4000 	C:\WINDOWS\System32\gdi32full.dll
0x00007ffb62ad0000 - 0x00007ffb62b6e000 	C:\WINDOWS\System32\msvcp_win.dll
0x00007ffb62810000 - 0x00007ffb6290a000 	C:\WINDOWS\System32\ucrtbase.dll
0x00007ffb4e100000 - 0x00007ffb4e385000 	C:\WINDOWS\WinSxS\amd64_microsoft.windows.common-controls_6595b64144ccf1df_6.0.18362.719_none_e6c7b883130c6729\COMCTL32.dll
0x00007ffb64320000 - 0x00007ffb64656000 	C:\WINDOWS\System32\combase.dll
0x00007ffb62660000 - 0x00007ffb626e0000 	C:\WINDOWS\System32\bcryptPrimitives.dll
0x00007ffb639b0000 - 0x00007ffb639de000 	C:\WINDOWS\System32\IMM32.DLL
0x000000005f6a0000 - 0x000000005f772000 	D:\Android Studio\jre\jre\bin\msvcr100.dll
0x000000005f780000 - 0x000000005ffc6000 	D:\Android Studio\jre\jre\bin\server\jvm.dll
0x00007ffb654d0000 - 0x00007ffb654d8000 	C:\WINDOWS\System32\PSAPI.DLL
0x00007ffb5d350000 - 0x00007ffb5d35a000 	C:\WINDOWS\SYSTEM32\VERSION.dll
0x00007ffb55e40000 - 0x00007ffb55e64000 	C:\WINDOWS\SYSTEM32\WINMM.dll
0x00007ffb534f0000 - 0x00007ffb534f9000 	C:\WINDOWS\SYSTEM32\WSOCK32.dll
0x00007ffb65240000 - 0x00007ffb652af000 	C:\WINDOWS\System32\WS2_32.dll
0x00007ffb55df0000 - 0x00007ffb55e1d000 	C:\WINDOWS\SYSTEM32\WINMMBASE.dll
0x00007ffb626e0000 - 0x00007ffb6272a000 	C:\WINDOWS\System32\cfgmgr32.dll
0x00007ffb5e660000 - 0x00007ffb5e66f000 	D:\Android Studio\jre\jre\bin\verify.dll
0x00007ffb59290000 - 0x00007ffb592b9000 	D:\Android Studio\jre\jre\bin\java.dll
0x00007ffb5c220000 - 0x00007ffb5c236000 	D:\Android Studio\jre\jre\bin\zip.dll
0x00007ffb63bf0000 - 0x00007ffb642d5000 	C:\WINDOWS\System32\SHELL32.dll
0x00007ffb64820000 - 0x00007ffb648c9000 	C:\WINDOWS\System32\shcore.dll
0x00007ffb62b70000 - 0x00007ffb632f0000 	C:\WINDOWS\System32\windows.storage.dll
0x00007ffb62510000 - 0x00007ffb62533000 	C:\WINDOWS\System32\profapi.dll
0x00007ffb62540000 - 0x00007ffb6258a000 	C:\WINDOWS\System32\powrprof.dll
0x00007ffb62500000 - 0x00007ffb62510000 	C:\WINDOWS\System32\UMPDC.dll
0x00007ffb63750000 - 0x00007ffb637a2000 	C:\WINDOWS\System32\shlwapi.dll
0x00007ffb62590000 - 0x00007ffb625a1000 	C:\WINDOWS\System32\kernel.appcore.dll
0x00007ffb62ab0000 - 0x00007ffb62ac7000 	C:\WINDOWS\System32\cryptsp.dll
0x00007ffb5baf0000 - 0x00007ffb5bb0a000 	D:\Android Studio\jre\jre\bin\net.dll
0x00007ffb56310000 - 0x00007ffb564e5000 	C:\WINDOWS\SYSTEM32\urlmon.dll
0x00007ffb56020000 - 0x00007ffb562c6000 	C:\WINDOWS\SYSTEM32\iertutil.dll
0x00007ffb61f40000 - 0x00007ffb61f4c000 	C:\WINDOWS\SYSTEM32\CRYPTBASE.DLL
0x00007ffb61d70000 - 0x00007ffb61dd7000 	C:\WINDOWS\system32\mswsock.dll
0x00007ffb5b690000 - 0x00007ffb5b6a3000 	D:\Android Studio\jre\jre\bin\nio.dll
0x00007ffb5ba90000 - 0x00007ffb5bab6000 	C:\Users\beati\.gradle\native\29\windows-amd64\native-platform.dll
0x00007ffb5d660000 - 0x00007ffb5d66d000 	D:\Android Studio\jre\jre\bin\management.dll
0x00007ffb618e0000 - 0x00007ffb61913000 	C:\WINDOWS\system32\rsaenh.dll
0x00007ffb62730000 - 0x00007ffb62756000 	C:\WINDOWS\System32\bcrypt.dll
0x00007ffb623f0000 - 0x00007ffb62415000 	C:\WINDOWS\SYSTEM32\USERENV.dll
0x00007ffb61a80000 - 0x00007ffb61aba000 	C:\WINDOWS\SYSTEM32\IPHLPAPI.DLL
0x00007ffb638d0000 - 0x00007ffb638d8000 	C:\WINDOWS\System32\NSI.dll
0x00007ffb5b2c0000 - 0x00007ffb5b2d6000 	C:\WINDOWS\SYSTEM32\dhcpcsvc6.DLL
0x00007ffb5b3c0000 - 0x00007ffb5b3dc000 	C:\WINDOWS\SYSTEM32\dhcpcsvc.DLL
0x00007ffb61ac0000 - 0x00007ffb61b8a000 	C:\WINDOWS\SYSTEM32\DNSAPI.dll

VM Arguments:
jvm_args: -Xmx1536m -Dfile.encoding=windows-1252 -Duser.country=US -Duser.language=en -Duser.variant 
java_command: org.gradle.launcher.daemon.bootstrap.GradleDaemon 5.4.1
java_class_path (initial): C:\Users\beati\.gradle\wrapper\dists\gradle-5.4.1-all\3221gyojl5jsh0helicew7rwx\gradle-5.4.1\lib\gradle-launcher-5.4.1.jar
Launcher Type: SUN_STANDARD

Environment Variables:
PATH=C:\Python27\;C:\Python27\Scripts;C:\Program Files\NVIDIA GPU Computing Toolkit\CUDA\v10.2\bin;C:\Program Files\NVIDIA GPU Computing Toolkit\CUDA\v10.2\libnvvp;C:\Program Files (x86)\Common Files\Intel\Shared Libraries\redist\intel64\compiler;C:\WINDOWS\system32;C:\WINDOWS;C:\WINDOWS\System32\Wbem;C:\WINDOWS\System32\WindowsPowerShell\v1.0\;C:\WINDOWS\System32\OpenSSH\;C:\Program Files (x86)\QuickTime\QTSystem\;C:\Program Files (x86)\NVIDIA Corporation\PhysX\Common;C:\Program Files\NVIDIA Corporation\NVIDIA NvDLISR;C:\Program Files\NVIDIA Corporation\Nsight Compute 2019.5.0\;D:\nodejs\;C:\ProgramData\chocolatey\bin;C:\Users\beati\AppData\Local\Microsoft\WindowsApps;C:\Users\beati\AppData\Roaming\npm
USERNAME=beati
OS=Windows_NT
PROCESSOR_IDENTIFIER=Intel64 Family 6 Model 158 Stepping 10, GenuineIntel



---------------  S Y S T E M  ---------------

OS: Windows 10.0 , 64 bit Build 18362 (10.0.18362.329)

CPU:total 12 (initial active 12) (6 cores per cpu, 2 threads per core) family 6 model 158 stepping 10, cmov, cx8, fxsr, mmx, sse, sse2, sse3, ssse3, sse4.1, sse4.2, popcnt, avx, avx2, aes, clmul, erms, 3dnowpref, lzcnt, ht, tsc, tscinvbit, bmi1, bmi2, adx

Memory: 4k page, physical 16566556k(4925708k free), swap 66898204k(3804k free)

vm_info: OpenJDK 64-Bit Server VM (25.212-b04) for windows-amd64 JRE (1.8.0_212-release-1586-b04), built by "builder" with MS VC++ 10.0 (VS2010)

time: Sat Mar 14 22:28:22 2020
timezone: Eastern Daylight Time
elapsed time: 5 seconds (0d 0h 0m 5s)

