#
# There is insufficient memory for the Java Runtime Environment to continue.
# Native memory allocation (malloc) failed to allocate 755456 bytes for Chunk::new
# Possible reasons:
#   The system is out of physical RAM or swap space
#   The process is running with CompressedOops enabled, and the Java Heap may be blocking the growth of the native heap
# Possible solutions:
#   Reduce memory load on the system
#   Increase physical memory or swap space
#   Check if swap backing store is full
#   Decrease Java heap size (-Xmx/-Xms)
#   Decrease number of Java threads
#   Decrease Java thread stack sizes (-Xss)
#   Set larger code cache with -XX:ReservedCodeCacheSize=
#   JVM is running with Unscaled Compressed Oops mode in which the Java heap is
#     placed in the first 4GB address space. The Java Heap base address is the
#     maximum limit for the native heap growth. Please use -XX:HeapBaseMinAddress
#     to set the Java Heap base and to place the Java Heap above 4GB virtual address.
# This output file may be truncated or incomplete.
#
#  Out of Memory Error (allocation.cpp:389), pid=9072, tid=0x0000000000004590
#
# JRE version: OpenJDK Runtime Environment (8.0_212-b04) (build 1.8.0_212-release-1586-b04)
# Java VM: OpenJDK 64-Bit Server VM (25.212-b04 mixed mode windows-amd64 compressed oops)
# Failed to write core dump. Minidumps are not enabled by default on client versions of Windows
#

---------------  T H R E A D  ---------------

Current thread (0x00000000188d5800):  JavaThread "C2 CompilerThread1" daemon [_thread_in_native, id=17808, stack(0x000000001a030000,0x000000001a130000)]

Stack: [0x000000001a030000,0x000000001a130000]
[error occurred during error reporting (printing stack bounds), id 0xc0000005]

Native frames: (J=compiled Java code, j=interpreted, Vv=VM code, C=native code)


Current CompileTask:
C2: 584859 19211       4       org.gradle.api.internal.tasks.compile.ApiMemberSelector::visitEnd (294 bytes)


---------------  P R O C E S S  ---------------

Java Threads: ( => current thread )
  0x0000000018a56800 JavaThread "WorkerExecutor Queue Thread 11" [_thread_blocked, id=12792, stack(0x000000002c8c0000,0x000000002c9c0000)]
  0x00000000226fe000 JavaThread "Cache worker for Java compile cache (C:\Users\beati\OneDrive\Desktop\LinguaBox-cole\LinguaBox\.gradle\5.4.1\javaCompile)" [_thread_blocked, id=15600, stack(0x000000002b2e0000,0x000000002b3e0000)]
  0x00000000226f6800 JavaThread "Cache worker for Java compile cache (C:\Users\beati\.gradle\caches\5.4.1\javaCompile)" [_thread_blocked, id=8188, stack(0x0000000029cc0000,0x0000000029dc0000)]
  0x00000000226f8800 JavaThread "WorkerExecutor Queue Thread 10" [_thread_blocked, id=18688, stack(0x000000002afe0000,0x000000002b0e0000)]
  0x00000000226fc800 JavaThread "stdout" [_thread_in_native, id=19052, stack(0x000000002aee0000,0x000000002afe0000)]
  0x00000000226f7000 JavaThread "stderr" [_thread_in_native, id=15188, stack(0x000000002ade0000,0x000000002aee0000)]
  0x00000000226fb800 JavaThread "stdout" [_thread_in_native, id=2360, stack(0x000000002ace0000,0x000000002ade0000)]
  0x00000000226f0800 JavaThread "stderr" [_thread_in_native, id=7616, stack(0x000000002abe0000,0x000000002ace0000)]
  0x00000000226f4000 JavaThread "stdout" [_thread_in_native, id=9296, stack(0x000000002aae0000,0x000000002abe0000)]
  0x00000000226f2000 JavaThread "stderr" [_thread_in_native, id=18064, stack(0x000000002a9e0000,0x000000002aae0000)]
  0x00000000226f3800 JavaThread "stdout" [_thread_in_native, id=8396, stack(0x000000002a8e0000,0x000000002a9e0000)]
  0x00000000226ef800 JavaThread "stderr" [_thread_in_native, id=7516, stack(0x000000002a7e0000,0x000000002a8e0000)]
  0x00000000226f2800 JavaThread "stdout" [_thread_in_native, id=1608, stack(0x000000002a6e0000,0x000000002a7e0000)]
  0x00000000226f5000 JavaThread "stderr" [_thread_in_native, id=1860, stack(0x000000002a5e0000,0x000000002a6e0000)]
  0x00000000226f1000 JavaThread "stdout" [_thread_in_native, id=17940, stack(0x000000002a4e0000,0x000000002a5e0000)]
  0x000000001dad3800 JavaThread "stderr" [_thread_in_native, id=12356, stack(0x000000002a3e0000,0x000000002a4e0000)]
  0x000000001a5b3000 JavaThread "stdout" [_thread_in_native, id=13200, stack(0x000000002a2e0000,0x000000002a3e0000)]
  0x000000001a5b2000 JavaThread "stderr" [_thread_in_native, id=1648, stack(0x000000002a1e0000,0x000000002a2e0000)]
  0x000000001a5b1800 JavaThread "stdout" [_thread_in_native, id=7700, stack(0x000000002a0e0000,0x000000002a1e0000)]
  0x000000001a5b7800 JavaThread "stderr" [_thread_in_native, id=16184, stack(0x0000000029fe0000,0x000000002a0e0000)]
  0x000000001a5b6800 JavaThread "WorkerExecutor Queue Thread 9" [_thread_blocked, id=13996, stack(0x0000000029dc0000,0x0000000029ec0000)]
  0x000000001a5b6000 JavaThread "WorkerExecutor Queue Thread 8" [_thread_blocked, id=8812, stack(0x0000000029ee0000,0x0000000029fe0000)]
  0x000000001a5b4800 JavaThread "WorkerExecutor Queue Thread 6" [_thread_blocked, id=440, stack(0x0000000029bc0000,0x0000000029cc0000)]
  0x000000001a5b3800 JavaThread "pool-7-thread-1" [_thread_blocked, id=16200, stack(0x0000000029ac0000,0x0000000029bc0000)]
  0x000000001a5aa000 JavaThread "WorkerExecutor Queue Thread 5" [_thread_blocked, id=19432, stack(0x00000000299c0000,0x0000000029ac0000)]
  0x000000001a5b0800 JavaThread "WorkerExecutor Queue Thread 4" [_thread_blocked, id=16080, stack(0x00000000298c0000,0x00000000299c0000)]
  0x000000001a5b0000 JavaThread "WorkerExecutor Queue Thread 3" [_thread_blocked, id=17892, stack(0x00000000297c0000,0x00000000298c0000)]
  0x000000001a5a8000 JavaThread "WorkerExecutor Queue Thread 2" [_thread_blocked, id=13164, stack(0x00000000296c0000,0x00000000297c0000)]
  0x000000001a5ac000 JavaThread "WorkerExecutor Queue" [_thread_blocked, id=2140, stack(0x0000000028cc0000,0x0000000028dc0000)]
  0x000000001a5ae800 JavaThread "Cache worker for execution history cache (C:\Users\beati\OneDrive\Desktop\LinguaBox-cole\LinguaBox\.gradle\5.4.1\executionHistory)" [_thread_blocked, id=18244, stack(0x0000000028ac0000,0x0000000028bc0000)]
  0x000000001a5ab800 JavaThread "Execution worker for ':' Thread 11" [_thread_in_native, id=8688, stack(0x00000000289c0000,0x0000000028ac0000)]
  0x0000000018a62800 JavaThread "Execution worker for ':' Thread 10" [_thread_in_Java, id=8120, stack(0x00000000288c0000,0x00000000289c0000)]
  0x000000001bbc5800 JavaThread "Execution worker for ':' Thread 9" [_thread_in_Java, id=2132, stack(0x00000000287c0000,0x00000000288c0000)]
  0x000000001bbc1000 JavaThread "Execution worker for ':' Thread 8" [_thread_in_Java, id=18328, stack(0x00000000286c0000,0x00000000287c0000)]
  0x000000001bbc6000 JavaThread "Execution worker for ':' Thread 7" [_thread_in_native, id=16976, stack(0x00000000285c0000,0x00000000286c0000)]
  0x000000001bbc4800 JavaThread "Execution worker for ':' Thread 6" [_thread_in_native, id=3652, stack(0x00000000284c0000,0x00000000285c0000)]
  0x000000001dad5000 JavaThread "Execution worker for ':' Thread 5" [_thread_in_native, id=3800, stack(0x00000000283c0000,0x00000000284c0000)]
  0x000000001dada800 JavaThread "Execution worker for ':' Thread 4" [_thread_in_Java, id=7876, stack(0x00000000282c0000,0x00000000283c0000)]
  0x000000001dad4800 JavaThread "Execution worker for ':' Thread 3" [_thread_in_native, id=15700, stack(0x00000000281c0000,0x00000000282c0000)]
  0x000000001dad9800 JavaThread "Execution worker for ':' Thread 2" [_thread_in_Java, id=2600, stack(0x00000000280c0000,0x00000000281c0000)]
  0x000000001dacc800 JavaThread "Execution worker for ':'" [_thread_in_Java, id=2940, stack(0x0000000027fc0000,0x00000000280c0000)]
  0x000000001dad3000 JavaThread "Cache worker for file content cache (C:\Users\beati\OneDrive\Desktop\LinguaBox-cole\LinguaBox\.gradle\5.4.1\fileContent)" [_thread_blocked, id=15096, stack(0x0000000027ec0000,0x0000000027fc0000)]
  0x000000001dacb000 JavaThread "Cache worker for file content cache (C:\Users\beati\.gradle\caches\5.4.1\fileContent)" [_thread_blocked, id=4060, stack(0x0000000027dc0000,0x0000000027ec0000)]
  0x000000001dacd800 JavaThread "Cache worker for Build Output Cleanup Cache (C:\Users\beati\OneDrive\Desktop\LinguaBox-cole\LinguaBox\.gradle\buildOutputCleanup)" [_thread_blocked, id=16000, stack(0x0000000025f70000,0x0000000026070000)]
  0x000000001dad0800 JavaThread "pool-6-thread-1" [_thread_blocked, id=7740, stack(0x0000000025170000,0x0000000025270000)]
  0x000000001dacf000 JavaThread "Build operations Thread 12" [_thread_blocked, id=1924, stack(0x0000000024e70000,0x0000000024f70000)]
  0x000000001dad2000 JavaThread "Build operations Thread 11" [_thread_blocked, id=14800, stack(0x0000000024970000,0x0000000024a70000)]
  0x0000000018a5e800 JavaThread "Build operations Thread 10" [_thread_blocked, id=16848, stack(0x0000000024870000,0x0000000024970000)]
  0x0000000018a65800 JavaThread "Build operations Thread 9" [_thread_blocked, id=13392, stack(0x0000000024770000,0x0000000024870000)]
  0x0000000018a61000 JavaThread "Build operations Thread 8" [_thread_blocked, id=18928, stack(0x0000000024670000,0x0000000024770000)]
  0x0000000018a64800 JavaThread "Build operations Thread 7" [_thread_blocked, id=16584, stack(0x0000000024570000,0x0000000024670000)]
  0x0000000018a5f800 JavaThread "Build operations Thread 6" [_thread_blocked, id=12076, stack(0x0000000024470000,0x0000000024570000)]
  0x0000000018a60000 JavaThread "Build operations Thread 5" [_thread_blocked, id=9536, stack(0x0000000024370000,0x0000000024470000)]
  0x0000000018a63000 JavaThread "Build operations Thread 4" [_thread_blocked, id=5152, stack(0x0000000024270000,0x0000000024370000)]
  0x0000000018a64000 JavaThread "Build operations Thread 3" [_thread_blocked, id=8712, stack(0x0000000024170000,0x0000000024270000)]
  0x0000000018a61800 JavaThread "Build operations Thread 2" [_thread_blocked, id=7940, stack(0x0000000023e50000,0x0000000023f50000)]
  0x0000000018a57000 JavaThread "Build operations" [_thread_blocked, id=9548, stack(0x000000001f720000,0x000000001f820000)]
  0x0000000018a5e000 JavaThread "Cache worker for cache directory md-rule (C:\Users\beati\.gradle\caches\5.4.1\md-rule)" [_thread_blocked, id=6076, stack(0x000000001cf80000,0x000000001d080000)]
  0x0000000018a5d000 JavaThread "Cache worker for cache directory md-supplier (C:\Users\beati\.gradle\caches\5.4.1\md-supplier)" [_thread_blocked, id=9660, stack(0x000000001ce80000,0x000000001cf80000)]
  0x000000001d250000 JavaThread "Cache worker for file hash cache (C:\Users\beati\OneDrive\Desktop\LinguaBox-cole\LinguaBox\.gradle\5.4.1\fileHashes)" [_thread_blocked, id=8636, stack(0x000000001cd80000,0x000000001ce80000)]
  0x000000001d252800 JavaThread "Thread-92" [_thread_blocked, id=16576, stack(0x000000001cc80000,0x000000001cd80000)]
  0x000000001d255800 JavaThread "Stdin handler" [_thread_blocked, id=11876, stack(0x000000001ca80000,0x000000001cb80000)]
  0x000000001d254800 JavaThread "Asynchronous log dispatcher for DefaultDaemonConnection: socket connection from /127.0.0.1:62676 to /127.0.0.1:62827" [_thread_blocked, id=6592, stack(0x000000001c780000,0x000000001c880000)]
  0x000000001d251800 JavaThread "Daemon worker Thread 4" [_thread_in_native, id=10132, stack(0x000000001c680000,0x000000001c780000)]
  0x000000001d254000 JavaThread "Cancel handler" [_thread_blocked, id=16744, stack(0x0000000001530000,0x0000000001630000)]
  0x000000001d257000 JavaThread "Handler for socket connection from /127.0.0.1:62676 to /127.0.0.1:62827" [_thread_in_native, id=9124, stack(0x0000000001430000,0x0000000001530000)]
  0x000000001d253000 JavaThread "Daemon Thread 4" [_thread_blocked, id=6788, stack(0x0000000001330000,0x0000000001430000)]
  0x000000001dad8000 JavaThread "Memory manager" [_thread_blocked, id=5980, stack(0x0000000025a70000,0x0000000025b70000)]
  0x000000001bbc1800 JavaThread "Cache worker for execution history cache (C:\Users\beati\.gradle\caches\5.4.1\executionHistory)" [_thread_blocked, id=10976, stack(0x0000000022380000,0x0000000022480000)]
  0x000000001bbc2800 JavaThread "Cache worker for journal cache (C:\Users\beati\.gradle\caches\journal-1)" [_thread_blocked, id=14940, stack(0x000000001e250000,0x000000001e350000)]
  0x000000001bbc3000 JavaThread "File lock request listener" [_thread_in_native, id=17848, stack(0x000000001e150000,0x000000001e250000)]
  0x000000001bcc8800 JavaThread "Cache worker for file hash cache (C:\Users\beati\.gradle\caches\5.4.1\fileHashes)" [_thread_blocked, id=14528, stack(0x000000001e050000,0x000000001e150000)]
  0x000000001b59a800 JavaThread "Daemon periodic checks" [_thread_blocked, id=3932, stack(0x000000001c580000,0x000000001c680000)]
  0x000000001b585800 JavaThread "Incoming local TCP Connector on port 62676" [_thread_in_native, id=16500, stack(0x000000001c340000,0x000000001c440000)]
  0x000000001b751800 JavaThread "Daemon health stats" [_thread_blocked, id=18580, stack(0x000000001bd00000,0x000000001be00000)]
  0x0000000018964800 JavaThread "Service Thread" daemon [_thread_blocked, id=13604, stack(0x000000001a330000,0x000000001a430000)]
  0x00000000188dc800 JavaThread "C1 CompilerThread3" daemon [_thread_in_native, id=13256, stack(0x000000001a230000,0x000000001a330000)]
  0x00000000188d8800 JavaThread "C2 CompilerThread2" daemon [_thread_in_native, id=13296, stack(0x000000001a130000,0x000000001a230000)]
=>0x00000000188d5800 JavaThread "C2 CompilerThread1" daemon [_thread_in_native, id=17808, stack(0x000000001a030000,0x000000001a130000)]
  0x00000000188cd800 JavaThread "C2 CompilerThread0" daemon [_thread_in_native, id=3040, stack(0x0000000019f30000,0x000000001a030000)]
  0x00000000188cb000 JavaThread "Attach Listener" daemon [_thread_blocked, id=6708, stack(0x0000000019e30000,0x0000000019f30000)]
  0x00000000188ca000 JavaThread "Signal Dispatcher" daemon [_thread_blocked, id=16300, stack(0x0000000019d30000,0x0000000019e30000)]
  0x00000000171d2000 JavaThread "Finalizer" daemon [_thread_blocked, id=18252, stack(0x0000000019b30000,0x0000000019c30000)]
  0x00000000188c3000 JavaThread "Reference Handler" daemon [_thread_blocked, id=11140, stack(0x0000000019a30000,0x0000000019b30000)]
  0x0000000002fad800 JavaThread "main" [_thread_blocked, id=3476, stack(0x0000000003010000,0x0000000003110000)]

Other Threads:
  0x00000000188a2800 VMThread [stack: 0x0000000019930000,0x0000000019a30000] [id=12436]
  0x0000000018965800 WatcherThread [stack: 0x000000001a430000,0x000000001a530000] [id=1356]

VM state:synchronizing (normal execution)

VM Mutex/Monitor currently owned by a thread:  ([mutex/lock_event])
[0x0000000002fad4c0] Safepoint_lock - owner thread: 0x00000000188a2800
[0x0000000002fac940] Threads_lock - owner thread: 0x00000000188a2800
[0x0000000002fad1c0] Heap_lock - owner thread: 0x000000001d251800

heap address: 0x00000000a0000000, size: 1536 MB, Compressed Oops mode: 32-bit
Narrow klass base: 0x0000000000000000, Narrow klass shift: 3
Compressed class space size: 1073741824 Address: 0x0000000100000000

Heap:
 PSYoungGen      total 290304K, used 261769K [0x00000000e0000000, 0x00000000f4c00000, 0x0000000100000000)
  eden space 246272K, 100% used [0x00000000e0000000,0x00000000ef080000,0x00000000ef080000)
  from space 44032K, 35% used [0x00000000ef080000,0x00000000effa2650,0x00000000f1b80000)
  to   space 39424K, 0% used [0x00000000f1b80000,0x00000000f1b80000,0x00000000f4200000)
 ParOldGen       total 256512K, used 70892K [0x00000000a0000000, 0x00000000afa80000, 0x00000000e0000000)
  object space 256512K, 27% used [0x00000000a0000000,0x00000000a453b110,0x00000000afa80000)
 Metaspace       used 99940K, capacity 104858K, committed 104984K, reserved 1140736K
  class space    used 12953K, capacity 14096K, committed 14120K, reserved 1048576K

Card table byte_map: [0x00000000125d0000,0x00000000128e0000] byte_map_base: 0x00000000120d0000

Marking Bits: (ParMarkBitMap*) 0x000000005ff49f30
 Begin Bits: [0x00000000134e0000, 0x0000000014ce0000)
 End Bits:   [0x0000000014ce0000, 0x00000000164e0000)

Polling page: 0x0000000001100000

CodeCache: size=245760Kb used=56467Kb max_used=56467Kb free=189292Kb
 bounds [0x0000000003210000, 0x0000000006980000, 0x0000000012210000]
 total_blobs=17085 nmethods=16168 adapters=828
 compilation: enabled

Compilation events (10 events):
Event: 584.767 Thread 0x00000000188dc800 nmethod 19502 0x000000000693ea50 code [0x000000000693ec20, 0x000000000693f3f8]
Event: 584.767 Thread 0x00000000188dc800 19490       2       java.util.stream.ReferencePipeline::makeNodeBuilder (6 bytes)
Event: 584.769 Thread 0x00000000188dc800 nmethod 19490 0x000000000693f7d0 code [0x000000000693f940, 0x000000000693fc28]
Event: 584.769 Thread 0x00000000188dc800 19505       1       com.android.tools.r8.graph.GraphLense$d::a (2 bytes)
Event: 584.770 Thread 0x00000000188dc800 nmethod 19505 0x000000000693fdd0 code [0x000000000693ff20, 0x0000000006940030]
Event: 584.770 Thread 0x00000000188dc800 19491       2       java.util.stream.Nodes::builder (30 bytes)
Event: 584.770 Thread 0x00000000188dc800 nmethod 19491 0x0000000006940090 code [0x0000000006940200, 0x00000000069404e8]
Event: 584.770 Thread 0x00000000188dc800 19507       3       com.android.tools.r8.ir.optimize.CodeRewriter::a (180 bytes)
Event: 584.773 Thread 0x00000000188dc800 nmethod 19507 0x0000000006940650 code [0x0000000006940a00, 0x0000000006942a68]
Event: 584.774 Thread 0x00000000188dc800 19511       2       java.util.Arrays::sort (47 bytes)

GC Heap History (10 events):
Event: 579.569 GC heap before
{Heap before GC invocations=21 (full 3):
 PSYoungGen      total 261632K, used 261605K [0x00000000e0000000, 0x00000000f4200000, 0x0000000100000000)
  eden space 226816K, 100% used [0x00000000e0000000,0x00000000edd80000,0x00000000edd80000)
  from space 34816K, 99% used [0x00000000edd80000,0x00000000eff79488,0x00000000eff80000)
  to   space 39424K, 0% used [0x00000000f1b80000,0x00000000f1b80000,0x00000000f4200000)
 ParOldGen       total 256512K, used 36661K [0x00000000a0000000, 0x00000000afa80000, 0x00000000e0000000)
  object space 256512K, 14% used [0x00000000a0000000,0x00000000a23cd530,0x00000000afa80000)
 Metaspace       used 91018K, capacity 95338K, committed 95640K, reserved 1132544K
  class space    used 11673K, capacity 12600K, committed 12712K, reserved 1048576K
Event: 579.597 GC heap after
Heap after GC invocations=21 (full 3):
 PSYoungGen      total 285696K, used 36183K [0x00000000e0000000, 0x00000000f4c00000, 0x0000000100000000)
  eden space 246272K, 0% used [0x00000000e0000000,0x00000000e0000000,0x00000000ef080000)
  from space 39424K, 91% used [0x00000000f1b80000,0x00000000f3ed5f20,0x00000000f4200000)
  to   space 44032K, 0% used [0x00000000ef080000,0x00000000ef080000,0x00000000f1b80000)
 ParOldGen       total 256512K, used 36669K [0x00000000a0000000, 0x00000000afa80000, 0x00000000e0000000)
  object space 256512K, 14% used [0x00000000a0000000,0x00000000a23cf530,0x00000000afa80000)
 Metaspace       used 91018K, capacity 95338K, committed 95640K, reserved 1132544K
  class space    used 11673K, capacity 12600K, committed 12712K, reserved 1048576K
}
Event: 580.186 GC heap before
{Heap before GC invocations=22 (full 3):
 PSYoungGen      total 285696K, used 161492K [0x00000000e0000000, 0x00000000f4c00000, 0x0000000100000000)
  eden space 246272K, 50% used [0x00000000e0000000,0x00000000e7a5f3f0,0x00000000ef080000)
  from space 39424K, 91% used [0x00000000f1b80000,0x00000000f3ed5f20,0x00000000f4200000)
  to   space 44032K, 0% used [0x00000000ef080000,0x00000000ef080000,0x00000000f1b80000)
 ParOldGen       total 256512K, used 36669K [0x00000000a0000000, 0x00000000afa80000, 0x00000000e0000000)
  object space 256512K, 14% used [0x00000000a0000000,0x00000000a23cf530,0x00000000afa80000)
 Metaspace       used 93835K, capacity 98470K, committed 98600K, reserved 1134592K
  class space    used 12113K, capacity 13138K, committed 13224K, reserved 1048576K
Event: 580.219 GC heap after
Heap after GC invocations=22 (full 3):
 PSYoungGen      total 290304K, used 43754K [0x00000000e0000000, 0x00000000f4c00000, 0x0000000100000000)
  eden space 246272K, 0% used [0x00000000e0000000,0x00000000e0000000,0x00000000ef080000)
  from space 44032K, 99% used [0x00000000ef080000,0x00000000f1b3aa10,0x00000000f1b80000)
  to   space 39424K, 0% used [0x00000000f1b80000,0x00000000f1b80000,0x00000000f4200000)
 ParOldGen       total 256512K, used 36677K [0x00000000a0000000, 0x00000000afa80000, 0x00000000e0000000)
  object space 256512K, 14% used [0x00000000a0000000,0x00000000a23d1530,0x00000000afa80000)
 Metaspace       used 93835K, capacity 98470K, committed 98600K, reserved 1134592K
  class space    used 12113K, capacity 13138K, committed 13224K, reserved 1048576K
}
Event: 580.219 GC heap before
{Heap before GC invocations=23 (full 4):
 PSYoungGen      total 290304K, used 43754K [0x00000000e0000000, 0x00000000f4c00000, 0x0000000100000000)
  eden space 246272K, 0% used [0x00000000e0000000,0x00000000e0000000,0x00000000ef080000)
  from space 44032K, 99% used [0x00000000ef080000,0x00000000f1b3aa10,0x00000000f1b80000)
  to   space 39424K, 0% used [0x00000000f1b80000,0x00000000f1b80000,0x00000000f4200000)
 ParOldGen       total 256512K, used 36677K [0x00000000a0000000, 0x00000000afa80000, 0x00000000e0000000)
  object space 256512K, 14% used [0x00000000a0000000,0x00000000a23d1530,0x00000000afa80000)
 Metaspace       used 93835K, capacity 98470K, committed 98600K, reserved 1134592K
  class space    used 12113K, capacity 13138K, committed 13224K, reserved 1048576K
Event: 580.483 GC heap after
Heap after GC invocations=23 (full 4):
 PSYoungGen      total 290304K, used 0K [0x00000000e0000000, 0x00000000f4c00000, 0x0000000100000000)
  eden space 246272K, 0% used [0x00000000e0000000,0x00000000e0000000,0x00000000ef080000)
  from space 44032K, 0% used [0x00000000ef080000,0x00000000ef080000,0x00000000f1b80000)
  to   space 39424K, 0% used [0x00000000f1b80000,0x00000000f1b80000,0x00000000f4200000)
 ParOldGen       total 256512K, used 70870K [0x00000000a0000000, 0x00000000afa80000, 0x00000000e0000000)
  object space 256512K, 27% used [0x00000000a0000000,0x00000000a4535b70,0x00000000afa80000)
 Metaspace       used 93166K, capacity 96612K, committed 98600K, reserved 1134592K
  class space    used 11906K, capacity 12755K, committed 13224K, reserved 1048576K
}
Event: 582.490 GC heap before
{Heap before GC invocations=24 (full 4):
 PSYoungGen      total 290304K, used 246272K [0x00000000e0000000, 0x00000000f4c00000, 0x0000000100000000)
  eden space 246272K, 100% used [0x00000000e0000000,0x00000000ef080000,0x00000000ef080000)
  from space 44032K, 0% used [0x00000000ef080000,0x00000000ef080000,0x00000000f1b80000)
  to   space 39424K, 0% used [0x00000000f1b80000,0x00000000f1b80000,0x00000000f4200000)
 ParOldGen       total 256512K, used 70870K [0x00000000a0000000, 0x00000000afa80000, 0x00000000e0000000)
  object space 256512K, 27% used [0x00000000a0000000,0x00000000a4535b70,0x00000000afa80000)
 Metaspace       used 99300K, capacity 104144K, committed 104216K, reserved 1138688K
  class space    used 12932K, capacity 14057K, committed 14120K, reserved 1048576K
Event: 582.501 GC heap after
Heap after GC invocations=24 (full 4):
 PSYoungGen      total 285696K, used 10255K [0x00000000e0000000, 0x00000000f4c00000, 0x0000000100000000)
  eden space 246272K, 0% used [0x00000000e0000000,0x00000000e0000000,0x00000000ef080000)
  from space 39424K, 26% used [0x00000000f1b80000,0x00000000f2583d78,0x00000000f4200000)
  to   space 44032K, 0% used [0x00000000ef080000,0x00000000ef080000,0x00000000f1b80000)
 ParOldGen       total 256512K, used 70878K [0x00000000a0000000, 0x00000000afa80000, 0x00000000e0000000)
  object space 256512K, 27% used [0x00000000a0000000,0x00000000a4537b70,0x00000000afa80000)
 Metaspace       used 99300K, capacity 104144K, committed 104216K, reserved 1138688K
  class space    used 12932K, capacity 14057K, committed 14120K, reserved 1048576K
}
Event: 584.512 GC heap before
{Heap before GC invocations=25 (full 4):
 PSYoungGen      total 285696K, used 256527K [0x00000000e0000000, 0x00000000f4c00000, 0x0000000100000000)
  eden space 246272K, 100% used [0x00000000e0000000,0x00000000ef080000,0x00000000ef080000)
  from space 39424K, 26% used [0x00000000f1b80000,0x00000000f2583d78,0x00000000f4200000)
  to   space 44032K, 0% used [0x00000000ef080000,0x00000000ef080000,0x00000000f1b80000)
 ParOldGen       total 256512K, used 70879K [0x00000000a0000000, 0x00000000afa80000, 0x00000000e0000000)
  object space 256512K, 27% used [0x00000000a0000000,0x00000000a4537cf8,0x00000000afa80000)
 Metaspace       used 99788K, capacity 104692K, committed 104728K, reserved 1140736K
  class space    used 12950K, capacity 14091K, committed 14120K, reserved 1048576K
Event: 584.529 GC heap after
Heap after GC invocations=25 (full 4):
 PSYoungGen      total 290304K, used 15497K [0x00000000e0000000, 0x00000000f4c00000, 0x0000000100000000)
  eden space 246272K, 0% used [0x00000000e0000000,0x00000000e0000000,0x00000000ef080000)
  from space 44032K, 35% used [0x00000000ef080000,0x00000000effa2650,0x00000000f1b80000)
  to   space 39424K, 0% used [0x00000000f1b80000,0x00000000f1b80000,0x00000000f4200000)
 ParOldGen       total 256512K, used 70887K [0x00000000a0000000, 0x00000000afa80000, 0x00000000e0000000)
  object space 256512K, 27% used [0x00000000a0000000,0x00000000a4539cf8,0x00000000afa80000)
 Metaspace       used 99788K, capacity 104692K, committed 104728K, reserved 1140736K
  class space    used 12950K, capacity 14091K, committed 14120K, reserved 1048576K
}

Deoptimization events (10 events):
Event: 584.547 Thread 0x000000001a5ab800 Uncommon trap: reason=bimorphic action=maybe_recompile pc=0x0000000006754360 method=com.android.tools.r8.ir.code.Phi.a(Lcom/android/tools/r8/ir/conversion/IRBuilder;)V @ 128
Event: 584.556 Thread 0x000000001bbc6000 Uncommon trap: reason=unstable_if action=reinterpret pc=0x0000000005bc8af8 method=com.android.tools.r8.ir.conversion.N.getIncomingLocal(I)Lcom/android/tools/r8/graph/DebugLocalInfo; @ 4
Event: 584.556 Thread 0x000000001bbc6000 Uncommon trap: reason=unstable_if action=reinterpret pc=0x00000000066411d4 method=com.android.tools.r8.ir.conversion.N.getCurrentCatchHandlers(Lcom/android/tools/r8/ir/conversion/IRBuilder;)Lcom/android/tools/r8/ir/code/CatchHandlers; @ 4
Event: 584.557 Thread 0x000000001bbc6000 Uncommon trap: reason=unstable_if action=reinterpret pc=0x000000000633aab8 method=com.android.tools.r8.ir.conversion.N.buildInstruction(Lcom/android/tools/r8/ir/conversion/IRBuilder;IZ)V @ 3
Event: 584.558 Thread 0x000000001bbc6000 Uncommon trap: reason=unstable_if action=reinterpret pc=0x00000000060c088c method=com.android.tools.r8.ir.code.Position.equals(Ljava/lang/Object;)Z @ 27
Event: 584.684 Thread 0x000000001dacc800 Uncommon trap: reason=unstable_if action=reinterpret pc=0x00000000043fdcc8 method=com.android.tools.r8.t.a.a.f.a(II[C)Ljava/lang/String; @ 32
Event: 584.684 Thread 0x000000001dacc800 Uncommon trap: reason=unstable_if action=reinterpret pc=0x0000000004b86198 method=com.android.tools.r8.graph.DexString.<init>(Ljava/lang/String;)V @ 39
Event: 584.712 Thread 0x000000001dacc800 Uncommon trap: reason=unstable_if action=reinterpret pc=0x0000000006001ba8 method=com.android.tools.r8.t.a.a.f.a(II[C)Ljava/lang/String; @ 32
Event: 584.712 Thread 0x000000001dacc800 Uncommon trap: reason=unstable_if action=reinterpret pc=0x00000000037e0ef8 method=com.android.tools.r8.graph.DexString.<init>(Ljava/lang/String;)V @ 39
Event: 584.769 Thread 0x000000001a5ab800 Uncommon trap: reason=unstable_if action=reinterpret pc=0x0000000004a2d060 method=java.util.TimSort.countRunAndMakeAscending([Ljava/lang/Object;IILjava/util/Comparator;)I @ 27

Classes redefined (0 events):
No events

Internal exceptions (10 events):
Event: 584.460 Thread 0x000000001dad5000 Exception <a 'sun/nio/fs/WindowsException'> (0x00000000ed4e46e0) thrown at [D:\src\AOSP-openjdk-cygwin\jdk8u\hotspot\src\share\vm\prims\jni.cpp, line 710]
Event: 584.495 Thread 0x000000001dada800 Exception <a 'sun/nio/fs/WindowsException'> (0x00000000edbb14a8) thrown at [D:\src\AOSP-openjdk-cygwin\jdk8u\hotspot\src\share\vm\prims\jni.cpp, line 710]
Event: 584.536 Thread 0x000000001dad5000 Exception <a 'sun/nio/fs/WindowsException'> (0x00000000e0122cf0) thrown at [D:\src\AOSP-openjdk-cygwin\jdk8u\hotspot\src\share\vm\prims\jni.cpp, line 710]
Event: 584.584 Thread 0x000000001bbc1000 Exception <a 'sun/nio/fs/WindowsException'> (0x00000000e1e3b3e8) thrown at [D:\src\AOSP-openjdk-cygwin\jdk8u\hotspot\src\share\vm\prims\jni.cpp, line 710]
Event: 584.597 Thread 0x000000001bbc4800 Exception <a 'sun/nio/fs/WindowsException'> (0x00000000e2c56e28) thrown at [D:\src\AOSP-openjdk-cygwin\jdk8u\hotspot\src\share\vm\prims\jni.cpp, line 710]
Event: 584.598 Thread 0x0000000018a62800 Exception <a 'sun/nio/fs/WindowsException'> (0x00000000e2e37108) thrown at [D:\src\AOSP-openjdk-cygwin\jdk8u\hotspot\src\share\vm\prims\jni.cpp, line 710]
Event: 584.636 Thread 0x000000001bbc4800 Exception <a 'sun/nio/fs/WindowsException'> (0x00000000e4870aa0) thrown at [D:\src\AOSP-openjdk-cygwin\jdk8u\hotspot\src\share\vm\prims\jni.cpp, line 710]
Event: 584.637 Thread 0x000000001dada800 Exception <a 'sun/nio/fs/WindowsException'> (0x00000000e4bee268) thrown at [D:\src\AOSP-openjdk-cygwin\jdk8u\hotspot\src\share\vm\prims\jni.cpp, line 710]
Event: 584.638 Thread 0x000000001dacc800 Exception <a 'sun/nio/fs/WindowsException'> (0x00000000e4d44f18) thrown at [D:\src\AOSP-openjdk-cygwin\jdk8u\hotspot\src\share\vm\prims\jni.cpp, line 710]
Event: 584.673 Thread 0x000000001bbc4800 Exception <a 'sun/nio/fs/WindowsException'> (0x00000000e488e488) thrown at [D:\src\AOSP-openjdk-cygwin\jdk8u\hotspot\src\share\vm\prims\jni.cpp, line 710]

Events (10 events):
Event: 584.745 Thread 0x000000001bbc1000 DEOPT UNPACKING pc=0x00000000032575d0 sp=0x00000000287ba8d8 mode 0
Event: 584.756 Thread 0x000000001bbc6000 DEOPT PACKING pc=0x00000000068b0128 sp=0x00000000286baa70
Event: 584.756 Thread 0x000000001bbc6000 DEOPT UNPACKING pc=0x00000000032575d0 sp=0x00000000286ba800 mode 0
Event: 584.766 Thread 0x000000001dada800 DEOPT PACKING pc=0x0000000005763f64 sp=0x00000000283bb040
Event: 584.766 Thread 0x000000001dada800 DEOPT UNPACKING pc=0x00000000032575d0 sp=0x00000000283bae28 mode 0
Event: 584.769 Thread 0x000000001a5ab800 Uncommon trap: trap_request=0xffffff65 fr.pc=0x0000000004a2d060
Event: 584.769 Thread 0x000000001a5ab800 DEOPT PACKING pc=0x0000000004a2d060 sp=0x0000000028abb770
Event: 584.769 Thread 0x000000001a5ab800 DEOPT UNPACKING pc=0x000000000325557b sp=0x0000000028abb658 mode 2
Event: 584.770 Thread 0x000000001dada800 DEOPT PACKING pc=0x00000000058367df sp=0x00000000283bb0d0
Event: 584.770 Thread 0x000000001dada800 DEOPT UNPACKING pc=0x00000000032575d0 sp=0x00000000283baf10 mode 0


Dynamic libraries:
0x00007ff602750000 - 0x00007ff602781000 	D:\Android Studio\jre\bin\java.exe
0x00007ffb65640000 - 0x00007ffb65830000 	C:\WINDOWS\SYSTEM32\ntdll.dll
0x00007ffb65410000 - 0x00007ffb654c2000 	C:\WINDOWS\System32\KERNEL32.DLL
0x00007ffb632f0000 - 0x00007ffb63593000 	C:\WINDOWS\System32\KERNELBASE.dll
0x00007ffb64700000 - 0x00007ffb647a3000 	C:\WINDOWS\System32\ADVAPI32.dll
0x00007ffb64660000 - 0x00007ffb646fe000 	C:\WINDOWS\System32\msvcrt.dll
0x00007ffb65560000 - 0x00007ffb655f7000 	C:\WINDOWS\System32\sechost.dll
0x00007ffb637b0000 - 0x00007ffb638d0000 	C:\WINDOWS\System32\RPCRT4.dll
0x00007ffb64b00000 - 0x00007ffb64c94000 	C:\WINDOWS\System32\USER32.dll
0x00007ffb62630000 - 0x00007ffb62651000 	C:\WINDOWS\System32\win32u.dll
0x00007ffb642e0000 - 0x00007ffb64306000 	C:\WINDOWS\System32\GDI32.dll
0x00007ffb62910000 - 0x00007ffb62aa4000 	C:\WINDOWS\System32\gdi32full.dll
0x00007ffb62ad0000 - 0x00007ffb62b6e000 	C:\WINDOWS\System32\msvcp_win.dll
0x00007ffb62810000 - 0x00007ffb6290a000 	C:\WINDOWS\System32\ucrtbase.dll
0x00007ffb4e100000 - 0x00007ffb4e385000 	C:\WINDOWS\WinSxS\amd64_microsoft.windows.common-controls_6595b64144ccf1df_6.0.18362.719_none_e6c7b883130c6729\COMCTL32.dll
0x00007ffb64320000 - 0x00007ffb64656000 	C:\WINDOWS\System32\combase.dll
0x00007ffb62660000 - 0x00007ffb626e0000 	C:\WINDOWS\System32\bcryptPrimitives.dll
0x00007ffb639b0000 - 0x00007ffb639de000 	C:\WINDOWS\System32\IMM32.DLL
0x000000005f6a0000 - 0x000000005f772000 	D:\Android Studio\jre\jre\bin\msvcr100.dll
0x000000005f780000 - 0x000000005ffc6000 	D:\Android Studio\jre\jre\bin\server\jvm.dll
0x00007ffb654d0000 - 0x00007ffb654d8000 	C:\WINDOWS\System32\PSAPI.DLL
0x00007ffb534f0000 - 0x00007ffb534f9000 	C:\WINDOWS\SYSTEM32\WSOCK32.dll
0x00007ffb5d350000 - 0x00007ffb5d35a000 	C:\WINDOWS\SYSTEM32\VERSION.dll
0x00007ffb55e40000 - 0x00007ffb55e64000 	C:\WINDOWS\SYSTEM32\WINMM.dll
0x00007ffb65240000 - 0x00007ffb652af000 	C:\WINDOWS\System32\WS2_32.dll
0x00007ffb55df0000 - 0x00007ffb55e1d000 	C:\WINDOWS\SYSTEM32\WINMMBASE.dll
0x00007ffb626e0000 - 0x00007ffb6272a000 	C:\WINDOWS\System32\cfgmgr32.dll
0x00007ffb5e660000 - 0x00007ffb5e66f000 	D:\Android Studio\jre\jre\bin\verify.dll
0x00007ffb59290000 - 0x00007ffb592b9000 	D:\Android Studio\jre\jre\bin\java.dll
0x00007ffb5c220000 - 0x00007ffb5c236000 	D:\Android Studio\jre\jre\bin\zip.dll
0x00007ffb63bf0000 - 0x00007ffb642d5000 	C:\WINDOWS\System32\SHELL32.dll
0x00007ffb64820000 - 0x00007ffb648c9000 	C:\WINDOWS\System32\shcore.dll
0x00007ffb62b70000 - 0x00007ffb632f0000 	C:\WINDOWS\System32\windows.storage.dll
0x00007ffb62510000 - 0x00007ffb62533000 	C:\WINDOWS\System32\profapi.dll
0x00007ffb62540000 - 0x00007ffb6258a000 	C:\WINDOWS\System32\powrprof.dll
0x00007ffb62500000 - 0x00007ffb62510000 	C:\WINDOWS\System32\UMPDC.dll
0x00007ffb63750000 - 0x00007ffb637a2000 	C:\WINDOWS\System32\shlwapi.dll
0x00007ffb62590000 - 0x00007ffb625a1000 	C:\WINDOWS\System32\kernel.appcore.dll
0x00007ffb62ab0000 - 0x00007ffb62ac7000 	C:\WINDOWS\System32\cryptsp.dll
0x00007ffb5baf0000 - 0x00007ffb5bb0a000 	D:\Android Studio\jre\jre\bin\net.dll
0x00007ffb56310000 - 0x00007ffb564e5000 	C:\WINDOWS\SYSTEM32\urlmon.dll
0x00007ffb56020000 - 0x00007ffb562c6000 	C:\WINDOWS\SYSTEM32\iertutil.dll
0x00007ffb61f40000 - 0x00007ffb61f4c000 	C:\WINDOWS\SYSTEM32\CRYPTBASE.DLL
0x00007ffb61d70000 - 0x00007ffb61dd7000 	C:\WINDOWS\system32\mswsock.dll
0x00007ffb5b690000 - 0x00007ffb5b6a3000 	D:\Android Studio\jre\jre\bin\nio.dll
0x00007ffb5ba90000 - 0x00007ffb5bab6000 	C:\Users\beati\.gradle\native\29\windows-amd64\native-platform.dll
0x00007ffb5d660000 - 0x00007ffb5d66d000 	D:\Android Studio\jre\jre\bin\management.dll
0x00007ffb618e0000 - 0x00007ffb61913000 	C:\WINDOWS\system32\rsaenh.dll
0x00007ffb62730000 - 0x00007ffb62756000 	C:\WINDOWS\System32\bcrypt.dll
0x00007ffb623f0000 - 0x00007ffb62415000 	C:\WINDOWS\SYSTEM32\USERENV.dll
0x00007ffb61a80000 - 0x00007ffb61aba000 	C:\WINDOWS\SYSTEM32\IPHLPAPI.DLL
0x00007ffb638d0000 - 0x00007ffb638d8000 	C:\WINDOWS\System32\NSI.dll
0x00007ffb5b2c0000 - 0x00007ffb5b2d6000 	C:\WINDOWS\SYSTEM32\dhcpcsvc6.DLL
0x00007ffb5b3c0000 - 0x00007ffb5b3dc000 	C:\WINDOWS\SYSTEM32\dhcpcsvc.DLL
0x00007ffb61ac0000 - 0x00007ffb61b8a000 	C:\WINDOWS\SYSTEM32\DNSAPI.dll
0x00007ffb53650000 - 0x00007ffb53674000 	D:\Android Studio\jre\jre\bin\sunec.dll
0x0000000062ea0000 - 0x0000000062ec6000 	C:\Program Files\Bonjour\mdnsNSP.dll
0x00007ffb5b590000 - 0x00007ffb5b59a000 	C:\Windows\System32\rasadhlp.dll
0x00007ffb5a660000 - 0x00007ffb5a6d7000 	C:\WINDOWS\System32\fwpuclnt.dll
0x00007ffb59110000 - 0x00007ffb5911b000 	D:\Android Studio\jre\jre\bin\sunmscapi.dll
0x00007ffb635a0000 - 0x00007ffb636e9000 	C:\WINDOWS\System32\CRYPT32.dll
0x00007ffb625b0000 - 0x00007ffb625c2000 	C:\WINDOWS\System32\MSASN1.dll
0x00007ffb60310000 - 0x00007ffb6039f000 	C:\WINDOWS\system32\apphelp.dll

VM Arguments:
jvm_args: -Xmx1536m -Dfile.encoding=windows-1252 -Duser.country=US -Duser.language=en -Duser.variant 
java_command: org.gradle.launcher.daemon.bootstrap.GradleDaemon 5.4.1
java_class_path (initial): C:\Users\beati\.gradle\wrapper\dists\gradle-5.4.1-all\3221gyojl5jsh0helicew7rwx\gradle-5.4.1\lib\gradle-launcher-5.4.1.jar
Launcher Type: SUN_STANDARD

Environment Variables:
PATH=C:\Python27\;C:\Python27\Scripts;C:\Program Files\NVIDIA GPU Computing Toolkit\CUDA\v10.2\bin;C:\Program Files\NVIDIA GPU Computing Toolkit\CUDA\v10.2\libnvvp;C:\Program Files (x86)\Common Files\Intel\Shared Libraries\redist\intel64\compiler;C:\WINDOWS\system32;C:\WINDOWS;C:\WINDOWS\System32\Wbem;C:\WINDOWS\System32\WindowsPowerShell\v1.0\;C:\WINDOWS\System32\OpenSSH\;C:\Program Files (x86)\QuickTime\QTSystem\;C:\Program Files (x86)\NVIDIA Corporation\PhysX\Common;C:\Program Files\NVIDIA Corporation\NVIDIA NvDLISR;C:\Program Files\NVIDIA Corporation\Nsight Compute 2019.5.0\;D:\nodejs\;C:\ProgramData\chocolatey\bin;C:\Users\beati\AppData\Local\Microsoft\WindowsApps;C:\Users\beati\AppData\Roaming\npm
USERNAME=beati
OS=Windows_NT
PROCESSOR_IDENTIFIER=Intel64 Family 6 Model 158 Stepping 10, GenuineIntel



---------------  S Y S T E M  ---------------

OS: Windows 10.0 , 64 bit Build 18362 (10.0.18362.329)

CPU:total 12 (initial active 12) (6 cores per cpu, 2 threads per core) family 6 model 158 stepping 10, cmov, cx8, fxsr, mmx, sse, sse2, sse3, ssse3, sse4.1, sse4.2, popcnt, avx, avx2, aes, clmul, erms, 3dnowpref, lzcnt, ht, tsc, tscinvbit, bmi1, bmi2, adx

Memory: 4k page, physical 16566556k(4929088k free), swap 66898204k(13688k free)

vm_info: OpenJDK 64-Bit Server VM (25.212-b04) for windows-amd64 JRE (1.8.0_212-release-1586-b04), built by "builder" with MS VC++ 10.0 (VS2010)

time: Sat Mar 14 22:26:18 2020
timezone: Eastern Daylight Time
elapsed time: 584 seconds (0d 0h 9m 44s)

