#
# There is insufficient memory for the Java Runtime Environment to continue.
# Native memory allocation (malloc) failed to allocate 1213936 bytes for Chunk::new
# Possible reasons:
#   The system is out of physical RAM or swap space
#   The process is running with CompressedOops enabled, and the Java Heap may be blocking the growth of the native heap
# Possible solutions:
#   Reduce memory load on the system
#   Increase physical memory or swap space
#   Check if swap backing store is full
#   Decrease Java heap size (-Xmx/-Xms)
#   Decrease number of Java threads
#   Decrease Java thread stack sizes (-Xss)
#   Set larger code cache with -XX:ReservedCodeCacheSize=
#   JVM is running with Unscaled Compressed Oops mode in which the Java heap is
#     placed in the first 4GB address space. The Java Heap base address is the
#     maximum limit for the native heap growth. Please use -XX:HeapBaseMinAddress
#     to set the Java Heap base and to place the Java Heap above 4GB virtual address.
# This output file may be truncated or incomplete.
#
#  Out of Memory Error (allocation.cpp:389), pid=10980, tid=0x0000000000004804
#
# JRE version: OpenJDK Runtime Environment (8.0_212-b04) (build 1.8.0_212-release-1586-b04)
# Java VM: OpenJDK 64-Bit Server VM (25.212-b04 mixed mode windows-amd64 compressed oops)
# Failed to write core dump. Minidumps are not enabled by default on client versions of Windows
#

---------------  T H R E A D  ---------------

Current thread (0x0000000018076000):  JavaThread "C2 CompilerThread0" daemon [_thread_in_native, id=18436, stack(0x00000000196c0000,0x00000000197c0000)]

Stack: [0x00000000196c0000,0x00000000197c0000]
[error occurred during error reporting (printing stack bounds), id 0xc0000005]

Native frames: (J=compiled Java code, j=interpreted, Vv=VM code, C=native code)


Current CompileTask:
C2:  11846 10413       4       com.android.tools.r8.ir.conversion.N::a (5667 bytes)


---------------  P R O C E S S  ---------------

Java Threads: ( => current thread )
  0x000000001f2f8800 JavaThread "WorkerExecutor Queue Thread 7" [_thread_blocked, id=6620, stack(0x000000002c580000,0x000000002c680000)]
  0x000000001f2f8000 JavaThread "WorkerExecutor Queue Thread 6" [_thread_in_Java, id=11940, stack(0x000000002c480000,0x000000002c580000)]
  0x000000001f2f7000 JavaThread "WorkerExecutor Queue Thread 5" [_thread_in_Java, id=16532, stack(0x000000002c380000,0x000000002c480000)]
  0x000000001f2f5000 JavaThread "WorkerExecutor Queue Thread 4" [_thread_in_vm, id=11756, stack(0x000000002c280000,0x000000002c380000)]
  0x000000001f2f0800 JavaThread "WorkerExecutor Queue Thread 3" [_thread_in_Java, id=1796, stack(0x000000002bed0000,0x000000002bfd0000)]
  0x000000001f2ec800 JavaThread "WorkerExecutor Queue Thread 2" [_thread_in_native, id=16928, stack(0x000000002bdd0000,0x000000002bed0000)]
  0x000000001f2f1000 JavaThread "WorkerExecutor Queue" [_thread_in_native, id=10948, stack(0x000000002bcd0000,0x000000002bdd0000)]
  0x000000001f2ef800 JavaThread "ForkJoinPool.commonPool-worker-3" daemon [_thread_blocked, id=17404, stack(0x000000002bbd0000,0x000000002bcd0000)]
  0x000000001f2ef000 JavaThread "ForkJoinPool.commonPool-worker-10" daemon [_thread_blocked, id=16496, stack(0x000000002bad0000,0x000000002bbd0000)]
  0x000000001f2ee000 JavaThread "ForkJoinPool.commonPool-worker-1" daemon [_thread_blocked, id=17304, stack(0x000000002b9d0000,0x000000002bad0000)]
  0x000000001f2ed800 JavaThread "ForkJoinPool.commonPool-worker-8" daemon [_thread_blocked, id=16556, stack(0x000000002b8d0000,0x000000002b9d0000)]
  0x000000001e7c9000 JavaThread "ForkJoinPool.commonPool-worker-15" daemon [_thread_blocked, id=1844, stack(0x000000002a770000,0x000000002a870000)]
  0x000000001e7c6000 JavaThread "ForkJoinPool.commonPool-worker-6" daemon [_thread_blocked, id=5588, stack(0x000000002a670000,0x000000002a770000)]
  0x000000001e7c4800 JavaThread "ForkJoinPool.commonPool-worker-13" daemon [_thread_blocked, id=15484, stack(0x0000000029580000,0x0000000029680000)]
  0x000000001e7c5800 JavaThread "ForkJoinPool.commonPool-worker-4" daemon [_thread_blocked, id=4416, stack(0x0000000029480000,0x0000000029580000)]
  0x000000001e7c4000 JavaThread "ForkJoinPool.commonPool-worker-11" daemon [_thread_blocked, id=18512, stack(0x0000000026db0000,0x0000000026eb0000)]
  0x000000001e7ca800 JavaThread "ForkJoinPool.commonPool-worker-2" daemon [_thread_blocked, id=12884, stack(0x0000000026a90000,0x0000000026b90000)]
  0x000000001e7c7800 JavaThread "ForkJoinPool.commonPool-worker-9" daemon [_thread_blocked, id=11824, stack(0x00000000259e0000,0x0000000025ae0000)]
  0x000000001e7bc800 JavaThread "Cache worker for execution history cache (C:\Users\beati\OneDrive\Desktop\LinguaBox-cole\LinguaBox\.gradle\5.4.1\executionHistory)" [_thread_blocked, id=16280, stack(0x0000000025240000,0x0000000025340000)]
  0x000000001e7c3000 JavaThread "Execution worker for ':' Thread 11" [_thread_in_Java, id=17164, stack(0x0000000026590000,0x0000000026690000)]
  0x000000001e7c1800 JavaThread "Execution worker for ':' Thread 10" [_thread_blocked, id=12840, stack(0x0000000026490000,0x0000000026590000)]
  0x000000001e7bf800 JavaThread "Execution worker for ':' Thread 9" [_thread_blocked, id=9240, stack(0x0000000026390000,0x0000000026490000)]
  0x000000001e7be800 JavaThread "Execution worker for ':' Thread 8" [_thread_blocked, id=17468, stack(0x0000000026290000,0x0000000026390000)]
  0x000000001e7bb800 JavaThread "Execution worker for ':' Thread 7" [_thread_blocked, id=2568, stack(0x0000000026190000,0x0000000026290000)]
  0x000000001e7bd000 JavaThread "Execution worker for ':' Thread 6" [_thread_blocked, id=8684, stack(0x0000000026090000,0x0000000026190000)]
  0x000000001e7c0000 JavaThread "Execution worker for ':' Thread 5" [_thread_blocked, id=17612, stack(0x0000000025f90000,0x0000000026090000)]
  0x000000001e7c2800 JavaThread "Execution worker for ':' Thread 4" [_thread_in_native, id=17248, stack(0x0000000025e90000,0x0000000025f90000)]
  0x000000001e7be000 JavaThread "Execution worker for ':' Thread 3" [_thread_in_Java, id=12916, stack(0x0000000025d90000,0x0000000025e90000)]
  0x000000001e7c1000 JavaThread "Execution worker for ':' Thread 2" [_thread_in_Java, id=17224, stack(0x0000000025c90000,0x0000000025d90000)]
  0x000000001fa2c000 JavaThread "Execution worker for ':'" [_thread_in_Java, id=12892, stack(0x0000000025b90000,0x0000000025c90000)]
  0x000000001fa2b000 JavaThread "Cache worker for file content cache (C:\Users\beati\OneDrive\Desktop\LinguaBox-cole\LinguaBox\.gradle\5.4.1\fileContent)" [_thread_blocked, id=3556, stack(0x0000000024f40000,0x0000000025040000)]
  0x000000001fa2a800 JavaThread "Cache worker for file content cache (C:\Users\beati\.gradle\caches\5.4.1\fileContent)" [_thread_blocked, id=16684, stack(0x0000000024e40000,0x0000000024f40000)]
  0x000000001fa29800 JavaThread "Memory manager" [_thread_blocked, id=16732, stack(0x0000000024720000,0x0000000024820000)]
  0x000000001fa21000 JavaThread "Cache worker for Build Output Cleanup Cache (C:\Users\beati\OneDrive\Desktop\LinguaBox-cole\LinguaBox\.gradle\buildOutputCleanup)" [_thread_blocked, id=8500, stack(0x0000000024420000,0x0000000024520000)]
  0x000000001fa28000 JavaThread "pool-1-thread-1" [_thread_blocked, id=8904, stack(0x0000000023100000,0x0000000023200000)]
  0x000000001fa25800 JavaThread "Build operations Thread 12" [_thread_blocked, id=3352, stack(0x0000000023d20000,0x0000000023e20000)]
  0x000000001fa27000 JavaThread "Build operations Thread 11" [_thread_blocked, id=11060, stack(0x0000000023c20000,0x0000000023d20000)]
  0x000000001fa26800 JavaThread "Build operations Thread 10" [_thread_blocked, id=11208, stack(0x0000000023b20000,0x0000000023c20000)]
  0x000000001fa25000 JavaThread "Build operations Thread 9" [_thread_blocked, id=1108, stack(0x0000000023a20000,0x0000000023b20000)]
  0x000000001fa24000 JavaThread "Build operations Thread 8" [_thread_blocked, id=6868, stack(0x0000000023920000,0x0000000023a20000)]
  0x000000001fa1c800 JavaThread "Build operations Thread 7" [_thread_blocked, id=13700, stack(0x0000000023820000,0x0000000023920000)]
  0x000000001fa22000 JavaThread "Build operations Thread 6" [_thread_blocked, id=12732, stack(0x0000000023720000,0x0000000023820000)]
  0x000000001fa23800 JavaThread "Build operations Thread 5" [_thread_blocked, id=13036, stack(0x0000000023620000,0x0000000023720000)]
  0x000000001fa1e000 JavaThread "Build operations Thread 4" [_thread_blocked, id=6668, stack(0x0000000023520000,0x0000000023620000)]
  0x000000001fa1d800 JavaThread "Build operations Thread 3" [_thread_blocked, id=4640, stack(0x0000000023420000,0x0000000023520000)]
  0x000000001fa1f800 JavaThread "Build operations Thread 2" [_thread_blocked, id=9172, stack(0x0000000023320000,0x0000000023420000)]
  0x000000001fa1f000 JavaThread "Build operations" [_thread_blocked, id=16716, stack(0x0000000023220000,0x0000000023320000)]
  0x000000001fa22800 JavaThread "Cache worker for execution history cache (C:\Users\beati\.gradle\caches\5.4.1\executionHistory)" [_thread_blocked, id=15852, stack(0x0000000021750000,0x0000000021850000)]
  0x000000001b2fa000 JavaThread "Cache worker for cache directory md-rule (C:\Users\beati\.gradle\caches\5.4.1\md-rule)" [_thread_blocked, id=19028, stack(0x0000000020680000,0x0000000020780000)]
  0x000000001b2f4000 JavaThread "Cache worker for cache directory md-supplier (C:\Users\beati\.gradle\caches\5.4.1\md-supplier)" [_thread_blocked, id=11160, stack(0x0000000020580000,0x0000000020680000)]
  0x000000001b2f8800 JavaThread "Cache worker for file hash cache (C:\Users\beati\OneDrive\Desktop\LinguaBox-cole\LinguaBox\.gradle\5.4.1\fileHashes)" [_thread_blocked, id=14708, stack(0x000000001eeb0000,0x000000001efb0000)]
  0x000000001b2f5000 JavaThread "Cache worker for journal cache (C:\Users\beati\.gradle\caches\journal-1)" [_thread_blocked, id=9452, stack(0x000000001d9e0000,0x000000001dae0000)]
  0x000000001b2fb000 JavaThread "File lock request listener" [_thread_in_native, id=16632, stack(0x000000001d8e0000,0x000000001d9e0000)]
  0x000000001b32a000 JavaThread "Cache worker for file hash cache (C:\Users\beati\.gradle\caches\5.4.1\fileHashes)" [_thread_blocked, id=12540, stack(0x000000001d7e0000,0x000000001d8e0000)]
  0x000000001b293800 JavaThread "Thread-9" [_thread_blocked, id=12464, stack(0x000000001c710000,0x000000001c810000)]
  0x000000001b29a800 JavaThread "Stdin handler" [_thread_blocked, id=5392, stack(0x000000001c610000,0x000000001c710000)]
  0x000000001ad75000 JavaThread "Asynchronous log dispatcher for DefaultDaemonConnection: socket connection from /127.0.0.1:62841 to /127.0.0.1:62842" [_thread_blocked, id=10952, stack(0x000000001c510000,0x000000001c610000)]
  0x000000001ad6e000 JavaThread "Daemon worker" [_thread_blocked, id=10592, stack(0x000000001c410000,0x000000001c510000)]
  0x000000001ad6d000 JavaThread "Cancel handler" [_thread_blocked, id=10804, stack(0x000000001c210000,0x000000001c310000)]
  0x000000001ad12800 JavaThread "Handler for socket connection from /127.0.0.1:62841 to /127.0.0.1:62842" [_thread_in_native, id=5544, stack(0x000000001bf10000,0x000000001c010000)]
  0x000000001ad11800 JavaThread "Daemon" [_thread_blocked, id=8228, stack(0x000000001be10000,0x000000001bf10000)]
  0x000000001ad8d000 JavaThread "Daemon periodic checks" [_thread_blocked, id=6248, stack(0x000000001bd10000,0x000000001be10000)]
  0x000000001ad8c000 JavaThread "Incoming local TCP Connector on port 62841" [_thread_in_native, id=16984, stack(0x000000001bad0000,0x000000001bbd0000)]
  0x000000001abe8800 JavaThread "Daemon health stats" [_thread_blocked, id=14140, stack(0x000000001b490000,0x000000001b590000)]
  0x0000000018101800 JavaThread "Service Thread" daemon [_thread_blocked, id=10936, stack(0x0000000019ac0000,0x0000000019bc0000)]
  0x000000001699a000 JavaThread "C1 CompilerThread3" daemon [_thread_in_native, id=19104, stack(0x00000000199c0000,0x0000000019ac0000)]
  0x0000000016999000 JavaThread "C2 CompilerThread2" daemon [_thread_in_native, id=12692, stack(0x00000000198c0000,0x00000000199c0000)]
  0x000000001807c000 JavaThread "C2 CompilerThread1" daemon [_thread_in_native, id=19248, stack(0x00000000197c0000,0x00000000198c0000)]
=>0x0000000018076000 JavaThread "C2 CompilerThread0" daemon [_thread_in_native, id=18436, stack(0x00000000196c0000,0x00000000197c0000)]
  0x0000000018073800 JavaThread "Attach Listener" daemon [_thread_blocked, id=13704, stack(0x00000000195c0000,0x00000000196c0000)]
  0x0000000018072800 JavaThread "Signal Dispatcher" daemon [_thread_blocked, id=13840, stack(0x00000000194c0000,0x00000000195c0000)]
  0x00000000029cc800 JavaThread "Finalizer" daemon [_thread_blocked, id=15524, stack(0x00000000192c0000,0x00000000193c0000)]
  0x0000000018063000 JavaThread "Reference Handler" daemon [_thread_blocked, id=17252, stack(0x00000000191c0000,0x00000000192c0000)]
  0x00000000027cd800 JavaThread "main" [_thread_blocked, id=7012, stack(0x00000000027d0000,0x00000000028d0000)]

Other Threads:
  0x0000000016984800 VMThread [stack: 0x00000000190c0000,0x00000000191c0000] [id=7824]
  0x000000001699e000 WatcherThread [stack: 0x0000000019bc0000,0x0000000019cc0000] [id=9024]

VM state:not at safepoint (normal execution)

VM Mutex/Monitor currently owned by a thread: None

heap address: 0x00000000a0000000, size: 1536 MB, Compressed Oops mode: 32-bit
Narrow klass base: 0x0000000000000000, Narrow klass shift: 3
Compressed class space size: 1073741824 Address: 0x0000000100000000

Heap:
 PSYoungGen      total 414208K, used 160749K [0x00000000e0000000, 0x00000000fd300000, 0x0000000100000000)
  eden space 367616K, 41% used [0x00000000e0000000,0x00000000e9435df8,0x00000000f6700000)
  from space 46592K, 19% used [0x00000000f6700000,0x00000000f6fc5620,0x00000000f9480000)
  to   space 42496K, 0% used [0x00000000f9480000,0x00000000f9480000,0x00000000fbe00000)
 ParOldGen       total 263680K, used 135857K [0x00000000a0000000, 0x00000000b0180000, 0x00000000e0000000)
  object space 263680K, 51% used [0x00000000a0000000,0x00000000a84ac7d0,0x00000000b0180000)
 Metaspace       used 72339K, capacity 76696K, committed 76888K, reserved 1116160K
  class space    used 9960K, capacity 10819K, committed 10880K, reserved 1048576K

Card table byte_map: [0x0000000011d90000,0x00000000120a0000] byte_map_base: 0x0000000011890000

Marking Bits: (ParMarkBitMap*) 0x000000005ff49f30
 Begin Bits: [0x0000000012ca0000, 0x00000000144a0000)
 End Bits:   [0x00000000144a0000, 0x0000000015ca0000)

Polling page: 0x0000000000880000

CodeCache: size=245760Kb used=31168Kb max_used=31168Kb free=214591Kb
 bounds [0x00000000029d0000, 0x0000000004860000, 0x00000000119d0000]
 total_blobs=10813 nmethods=9979 adapters=743
 compilation: enabled

Compilation events (10 events):
Event: 11.844 Thread 0x000000001699a000 nmethod 11998 0x000000000484d310 code [0x000000000484d460, 0x000000000484d570]
Event: 11.844 Thread 0x000000001699a000 11964       1       java.io.ObjectStreamClass::getPrimDataSize (5 bytes)
Event: 11.844 Thread 0x000000001699a000 nmethod 11964 0x000000000484d5d0 code [0x000000000484d720, 0x000000000484d830]
Event: 11.844 Thread 0x000000001699a000 12003       2       java.nio.file.FileTreeIterator::hasNext (35 bytes)
Event: 11.845 Thread 0x000000001699a000 nmethod 12003 0x000000000484d890 code [0x000000000484da00, 0x000000000484dc78]
Event: 11.845 Thread 0x000000001699a000 12004       2       com.android.builder.dexing.DirectoryBasedClassFileInput$$Lambda$1253/1936125653::test (12 bytes)
Event: 11.845 Thread 0x000000001699a000 nmethod 12004 0x000000000484ddd0 code [0x000000000484df40, 0x000000000484e138]
Event: 11.845 Thread 0x000000001699a000 12005       2       java.nio.file.FileTreeIterator::next (5 bytes)
Event: 11.845 Thread 0x000000001699a000 nmethod 12005 0x000000000484e250 code [0x000000000484e3c0, 0x000000000484e528]
Event: 11.845 Thread 0x000000001699a000 12006       2       java.nio.file.Files$$Lambda$1252/616291960::apply (8 bytes)

GC Heap History (10 events):
Event: 9.703 GC heap before
{Heap before GC invocations=16 (full 3):
 PSYoungGen      total 320000K, used 308090K [0x00000000e0000000, 0x00000000f6580000, 0x0000000100000000)
  eden space 282624K, 100% used [0x00000000e0000000,0x00000000f1400000,0x00000000f1400000)
  from space 37376K, 68% used [0x00000000f3980000,0x00000000f525eb88,0x00000000f5e00000)
  to   space 38400K, 0% used [0x00000000f1400000,0x00000000f1400000,0x00000000f3980000)
 ParOldGen       total 263680K, used 69912K [0x00000000a0000000, 0x00000000b0180000, 0x00000000e0000000)
  object space 263680K, 26% used [0x00000000a0000000,0x00000000a44460a0,0x00000000b0180000)
 Metaspace       used 70844K, capacity 75030K, committed 75224K, reserved 1114112K
  class space    used 9819K, capacity 10660K, committed 10752K, reserved 1048576K
Event: 9.732 GC heap after
Heap after GC invocations=16 (full 3):
 PSYoungGen      total 321024K, used 33784K [0x00000000e0000000, 0x00000000fbe00000, 0x0000000100000000)
  eden space 282624K, 0% used [0x00000000e0000000,0x00000000e0000000,0x00000000f1400000)
  from space 38400K, 87% used [0x00000000f1400000,0x00000000f34fe200,0x00000000f3980000)
  to   space 42496K, 0% used [0x00000000f9480000,0x00000000f9480000,0x00000000fbe00000)
 ParOldGen       total 263680K, used 76991K [0x00000000a0000000, 0x00000000b0180000, 0x00000000e0000000)
  object space 263680K, 29% used [0x00000000a0000000,0x00000000a4b2fce8,0x00000000b0180000)
 Metaspace       used 70844K, capacity 75030K, committed 75224K, reserved 1114112K
  class space    used 9819K, capacity 10660K, committed 10752K, reserved 1048576K
}
Event: 10.028 GC heap before
{Heap before GC invocations=17 (full 3):
 PSYoungGen      total 321024K, used 316408K [0x00000000e0000000, 0x00000000fbe00000, 0x0000000100000000)
  eden space 282624K, 100% used [0x00000000e0000000,0x00000000f1400000,0x00000000f1400000)
  from space 38400K, 87% used [0x00000000f1400000,0x00000000f34fe200,0x00000000f3980000)
  to   space 42496K, 0% used [0x00000000f9480000,0x00000000f9480000,0x00000000fbe00000)
 ParOldGen       total 263680K, used 77247K [0x00000000a0000000, 0x00000000b0180000, 0x00000000e0000000)
  object space 263680K, 29% used [0x00000000a0000000,0x00000000a4b6fd70,0x00000000b0180000)
 Metaspace       used 71172K, capacity 75364K, committed 75480K, reserved 1114112K
  class space    used 9848K, capacity 10709K, committed 10752K, reserved 1048576K
Event: 10.059 GC heap after
Heap after GC invocations=17 (full 3):
 PSYoungGen      total 410112K, used 37737K [0x00000000e0000000, 0x00000000fd300000, 0x0000000100000000)
  eden space 367616K, 0% used [0x00000000e0000000,0x00000000e0000000,0x00000000f6700000)
  from space 42496K, 88% used [0x00000000f9480000,0x00000000fb95a4e0,0x00000000fbe00000)
  to   space 46592K, 0% used [0x00000000f6700000,0x00000000f6700000,0x00000000f9480000)
 ParOldGen       total 263680K, used 86507K [0x00000000a0000000, 0x00000000b0180000, 0x00000000e0000000)
  object space 263680K, 32% used [0x00000000a0000000,0x00000000a547af28,0x00000000b0180000)
 Metaspace       used 71172K, capacity 75364K, committed 75480K, reserved 1114112K
  class space    used 9848K, capacity 10709K, committed 10752K, reserved 1048576K
}
Event: 10.437 GC heap before
{Heap before GC invocations=18 (full 3):
 PSYoungGen      total 410112K, used 405353K [0x00000000e0000000, 0x00000000fd300000, 0x0000000100000000)
  eden space 367616K, 100% used [0x00000000e0000000,0x00000000f6700000,0x00000000f6700000)
  from space 42496K, 88% used [0x00000000f9480000,0x00000000fb95a4e0,0x00000000fbe00000)
  to   space 46592K, 0% used [0x00000000f6700000,0x00000000f6700000,0x00000000f9480000)
 ParOldGen       total 263680K, used 86512K [0x00000000a0000000, 0x00000000b0180000, 0x00000000e0000000)
  object space 263680K, 32% used [0x00000000a0000000,0x00000000a547c2d8,0x00000000b0180000)
 Metaspace       used 71238K, capacity 75436K, committed 75480K, reserved 1114112K
  class space    used 9851K, capacity 10711K, committed 10752K, reserved 1048576K
Event: 10.593 GC heap after
Heap after GC invocations=18 (full 3):
 PSYoungGen      total 414208K, used 32300K [0x00000000e0000000, 0x00000000fd300000, 0x0000000100000000)
  eden space 367616K, 0% used [0x00000000e0000000,0x00000000e0000000,0x00000000f6700000)
  from space 46592K, 69% used [0x00000000f6700000,0x00000000f868b138,0x00000000f9480000)
  to   space 42496K, 0% used [0x00000000f9480000,0x00000000f9480000,0x00000000fbe00000)
 ParOldGen       total 263680K, used 105473K [0x00000000a0000000, 0x00000000b0180000, 0x00000000e0000000)
  object space 263680K, 40% used [0x00000000a0000000,0x00000000a6700718,0x00000000b0180000)
 Metaspace       used 71238K, capacity 75436K, committed 75480K, reserved 1114112K
  class space    used 9851K, capacity 10711K, committed 10752K, reserved 1048576K
}
Event: 10.905 GC heap before
{Heap before GC invocations=19 (full 3):
 PSYoungGen      total 414208K, used 399916K [0x00000000e0000000, 0x00000000fd300000, 0x0000000100000000)
  eden space 367616K, 100% used [0x00000000e0000000,0x00000000f6700000,0x00000000f6700000)
  from space 46592K, 69% used [0x00000000f6700000,0x00000000f868b138,0x00000000f9480000)
  to   space 42496K, 0% used [0x00000000f9480000,0x00000000f9480000,0x00000000fbe00000)
 ParOldGen       total 263680K, used 105473K [0x00000000a0000000, 0x00000000b0180000, 0x00000000e0000000)
  object space 263680K, 40% used [0x00000000a0000000,0x00000000a6700718,0x00000000b0180000)
 Metaspace       used 71372K, capacity 75576K, committed 75736K, reserved 1114112K
  class space    used 9852K, capacity 10713K, committed 10752K, reserved 1048576K
Event: 11.344 GC heap after
Heap after GC invocations=19 (full 3):
 PSYoungGen      total 410112K, used 10511K [0x00000000e0000000, 0x00000000fd300000, 0x0000000100000000)
  eden space 367616K, 0% used [0x00000000e0000000,0x00000000e0000000,0x00000000f6700000)
  from space 42496K, 24% used [0x00000000f9480000,0x00000000f9ec3e00,0x00000000fbe00000)
  to   space 46592K, 0% used [0x00000000f6700000,0x00000000f6700000,0x00000000f9480000)
 ParOldGen       total 263680K, used 129708K [0x00000000a0000000, 0x00000000b0180000, 0x00000000e0000000)
  object space 263680K, 49% used [0x00000000a0000000,0x00000000a7eab150,0x00000000b0180000)
 Metaspace       used 71372K, capacity 75576K, committed 75736K, reserved 1114112K
  class space    used 9852K, capacity 10713K, committed 10752K, reserved 1048576K
}
Event: 11.664 GC heap before
{Heap before GC invocations=20 (full 3):
 PSYoungGen      total 410112K, used 378127K [0x00000000e0000000, 0x00000000fd300000, 0x0000000100000000)
  eden space 367616K, 100% used [0x00000000e0000000,0x00000000f6700000,0x00000000f6700000)
  from space 42496K, 24% used [0x00000000f9480000,0x00000000f9ec3e00,0x00000000fbe00000)
  to   space 46592K, 0% used [0x00000000f6700000,0x00000000f6700000,0x00000000f9480000)
 ParOldGen       total 263680K, used 129708K [0x00000000a0000000, 0x00000000b0180000, 0x00000000e0000000)
  object space 263680K, 49% used [0x00000000a0000000,0x00000000a7eab150,0x00000000b0180000)
 Metaspace       used 71983K, capacity 76288K, committed 76632K, reserved 1116160K
  class space    used 9924K, capacity 10789K, committed 10880K, reserved 1048576K
Event: 11.678 GC heap after
Heap after GC invocations=20 (full 3):
 PSYoungGen      total 414208K, used 8981K [0x00000000e0000000, 0x00000000fd300000, 0x0000000100000000)
  eden space 367616K, 0% used [0x00000000e0000000,0x00000000e0000000,0x00000000f6700000)
  from space 46592K, 19% used [0x00000000f6700000,0x00000000f6fc5620,0x00000000f9480000)
  to   space 42496K, 0% used [0x00000000f9480000,0x00000000f9480000,0x00000000fbe00000)
 ParOldGen       total 263680K, used 135857K [0x00000000a0000000, 0x00000000b0180000, 0x00000000e0000000)
  object space 263680K, 51% used [0x00000000a0000000,0x00000000a84ac7d0,0x00000000b0180000)
 Metaspace       used 71983K, capacity 76288K, committed 76632K, reserved 1116160K
  class space    used 9924K, capacity 10789K, committed 10880K, reserved 1048576K
}

Deoptimization events (10 events):
Event: 11.707 Thread 0x000000001e7c2800 Uncommon trap: reason=array_check action=maybe_recompile pc=0x0000000003e48064 method=java.util.TimSort.binarySort([Ljava/lang/Object;IIILjava/util/Comparator;)V @ 215
Event: 11.709 Thread 0x000000001e7c2800 Uncommon trap: reason=array_check action=maybe_recompile pc=0x0000000004565818 method=java.util.TimSort.binarySort([Ljava/lang/Object;IIILjava/util/Comparator;)V @ 183
Event: 11.783 Thread 0x000000001ad6e000 Uncommon trap: reason=bimorphic action=maybe_recompile pc=0x00000000047bb6d4 method=java.util.AbstractCollection.containsAll(Ljava/util/Collection;)Z @ 25
Event: 11.794 Thread 0x000000001f2f1000 Uncommon trap: reason=unstable_if action=reinterpret pc=0x00000000034b4218 method=java.nio.file.FileTreeWalker.getAttributes(Ljava/nio/file/Path;Z)Ljava/nio/file/attribute/BasicFileAttributes; @ 35
Event: 11.794 Thread 0x000000001ad6e000 Uncommon trap: reason=bimorphic action=maybe_recompile pc=0x00000000047bb6d4 method=java.util.AbstractCollection.containsAll(Ljava/util/Collection;)Z @ 25
Event: 11.828 Thread 0x000000001f2f1000 Uncommon trap: reason=class_check action=maybe_recompile pc=0x00000000047151d4 method=com.android.tools.r8.utils.InternalOptions.c0()Z @ 4
Event: 11.828 Thread 0x000000001f2f1000 Uncommon trap: reason=class_check action=maybe_recompile pc=0x00000000047151d4 method=com.android.tools.r8.utils.InternalOptions.c0()Z @ 4
Event: 11.828 Thread 0x000000001f2f1000 Uncommon trap: reason=class_check action=maybe_recompile pc=0x00000000047151d4 method=com.android.tools.r8.utils.InternalOptions.c0()Z @ 4
Event: 11.829 Thread 0x000000001f2f1000 Uncommon trap: reason=class_check action=maybe_recompile pc=0x00000000047151d4 method=com.android.tools.r8.utils.InternalOptions.c0()Z @ 4
Event: 11.829 Thread 0x000000001f2f1000 Uncommon trap: reason=class_check action=maybe_recompile pc=0x0000000003f1a3c0 method=com.android.tools.r8.utils.InternalOptions.c0()Z @ 4

Classes redefined (0 events):
No events

Internal exceptions (10 events):
Event: 11.483 Thread 0x000000001e7be800 Exception <a 'sun/nio/fs/WindowsException'> (0x00000000ea660278) thrown at [D:\src\AOSP-openjdk-cygwin\jdk8u\hotspot\src\share\vm\prims\jni.cpp, line 710]
Event: 11.484 Thread 0x000000001e7be800 Exception <a 'sun/nio/fs/WindowsException'> (0x00000000ea6615b8) thrown at [D:\src\AOSP-openjdk-cygwin\jdk8u\hotspot\src\share\vm\prims\jni.cpp, line 710]
Event: 11.655 Thread 0x000000001ad6e000 Exception <a 'sun/nio/fs/WindowsException'> (0x00000000f3906700) thrown at [D:\src\AOSP-openjdk-cygwin\jdk8u\hotspot\src\share\vm\prims\jni.cpp, line 710]
Event: 11.746 Thread 0x000000001ad6e000 Exception <a 'java/lang/NoSuchMethodError': <clinit>> (0x00000000e3bfe7f8) thrown at [D:\src\AOSP-openjdk-cygwin\jdk8u\hotspot\src\share\vm\prims\jni.cpp, line 1614]
Event: 11.749 Thread 0x000000001ad6e000 Exception <a 'java/lang/NoSuchMethodError': <clinit>> (0x00000000e441a9d0) thrown at [D:\src\AOSP-openjdk-cygwin\jdk8u\hotspot\src\share\vm\prims\jni.cpp, line 1614]
Event: 11.752 Thread 0x000000001ad6e000 Exception <a 'java/lang/NoSuchMethodError': <clinit>> (0x00000000e4438f90) thrown at [D:\src\AOSP-openjdk-cygwin\jdk8u\hotspot\src\share\vm\prims\jni.cpp, line 1614]
Event: 11.753 Thread 0x000000001ad6e000 Exception <a 'java/lang/NoSuchMethodError': <clinit>> (0x00000000e443d610) thrown at [D:\src\AOSP-openjdk-cygwin\jdk8u\hotspot\src\share\vm\prims\jni.cpp, line 1614]
Event: 11.797 Thread 0x000000001e7c2800 Exception <a 'sun/nio/fs/WindowsException'> (0x00000000e62c91d0) thrown at [D:\src\AOSP-openjdk-cygwin\jdk8u\hotspot\src\share\vm\prims\jni.cpp, line 710]
Event: 11.824 Thread 0x000000001f2f1000 Exception <a 'sun/nio/fs/WindowsException'> (0x00000000e7e5f048) thrown at [D:\src\AOSP-openjdk-cygwin\jdk8u\hotspot\src\share\vm\prims\jni.cpp, line 710]
Event: 11.833 Thread 0x000000001f2f0800 Exception <a 'sun/nio/fs/WindowsException'> (0x00000000e8853bf0) thrown at [D:\src\AOSP-openjdk-cygwin\jdk8u\hotspot\src\share\vm\prims\jni.cpp, line 710]

Events (10 events):
Event: 11.839 Thread 0x000000001f2f8000 DEOPT PACKING pc=0x00000000044d5dbc sp=0x000000002c57d6b0
Event: 11.839 Thread 0x000000001f2f8000 DEOPT UNPACKING pc=0x0000000002a175d0 sp=0x000000002c57d568 mode 0
Event: 11.841 Thread 0x000000001f2f5000 DEOPT PACKING pc=0x00000000044d5dbc sp=0x000000002c37d3d0
Event: 11.841 Thread 0x000000001f2f5000 DEOPT UNPACKING pc=0x0000000002a175d0 sp=0x000000002c37d288 mode 0
Event: 11.843 Thread 0x000000001e7c1000 DEOPT PACKING pc=0x000000000403f2b7 sp=0x0000000025d8ad50
Event: 11.843 Thread 0x000000001e7c1000 DEOPT UNPACKING pc=0x0000000002a175d0 sp=0x0000000025d8ab38 mode 0
Event: 11.843 Thread 0x000000001f2f8000 DEOPT PACKING pc=0x00000000044d5dbc sp=0x000000002c57d6b0
Event: 11.843 Thread 0x000000001f2f8000 DEOPT UNPACKING pc=0x0000000002a175d0 sp=0x000000002c57d568 mode 0
Event: 11.845 Thread 0x000000001f2f5000 DEOPT PACKING pc=0x00000000044d5dbc sp=0x000000002c37d460
Event: 11.845 Thread 0x000000001f2f5000 DEOPT UNPACKING pc=0x0000000002a175d0 sp=0x000000002c37d318 mode 0


Dynamic libraries:
0x00007ff602750000 - 0x00007ff602781000 	D:\Android Studio\jre\bin\java.exe
0x00007ffb65640000 - 0x00007ffb65830000 	C:\WINDOWS\SYSTEM32\ntdll.dll
0x00007ffb65410000 - 0x00007ffb654c2000 	C:\WINDOWS\System32\KERNEL32.DLL
0x00007ffb632f0000 - 0x00007ffb63593000 	C:\WINDOWS\System32\KERNELBASE.dll
0x00007ffb64700000 - 0x00007ffb647a3000 	C:\WINDOWS\System32\ADVAPI32.dll
0x00007ffb64660000 - 0x00007ffb646fe000 	C:\WINDOWS\System32\msvcrt.dll
0x00007ffb65560000 - 0x00007ffb655f7000 	C:\WINDOWS\System32\sechost.dll
0x00007ffb637b0000 - 0x00007ffb638d0000 	C:\WINDOWS\System32\RPCRT4.dll
0x00007ffb64b00000 - 0x00007ffb64c94000 	C:\WINDOWS\System32\USER32.dll
0x00007ffb62630000 - 0x00007ffb62651000 	C:\WINDOWS\System32\win32u.dll
0x00007ffb642e0000 - 0x00007ffb64306000 	C:\WINDOWS\System32\GDI32.dll
0x00007ffb62910000 - 0x00007ffb62aa4000 	C:\WINDOWS\System32\gdi32full.dll
0x00007ffb62ad0000 - 0x00007ffb62b6e000 	C:\WINDOWS\System32\msvcp_win.dll
0x00007ffb62810000 - 0x00007ffb6290a000 	C:\WINDOWS\System32\ucrtbase.dll
0x00007ffb4e100000 - 0x00007ffb4e385000 	C:\WINDOWS\WinSxS\amd64_microsoft.windows.common-controls_6595b64144ccf1df_6.0.18362.719_none_e6c7b883130c6729\COMCTL32.dll
0x00007ffb64320000 - 0x00007ffb64656000 	C:\WINDOWS\System32\combase.dll
0x00007ffb62660000 - 0x00007ffb626e0000 	C:\WINDOWS\System32\bcryptPrimitives.dll
0x00007ffb639b0000 - 0x00007ffb639de000 	C:\WINDOWS\System32\IMM32.DLL
0x000000005f6a0000 - 0x000000005f772000 	D:\Android Studio\jre\jre\bin\msvcr100.dll
0x000000005f780000 - 0x000000005ffc6000 	D:\Android Studio\jre\jre\bin\server\jvm.dll
0x00007ffb654d0000 - 0x00007ffb654d8000 	C:\WINDOWS\System32\PSAPI.DLL
0x00007ffb5d350000 - 0x00007ffb5d35a000 	C:\WINDOWS\SYSTEM32\VERSION.dll
0x00007ffb55e40000 - 0x00007ffb55e64000 	C:\WINDOWS\SYSTEM32\WINMM.dll
0x00007ffb534f0000 - 0x00007ffb534f9000 	C:\WINDOWS\SYSTEM32\WSOCK32.dll
0x00007ffb65240000 - 0x00007ffb652af000 	C:\WINDOWS\System32\WS2_32.dll
0x00007ffb55df0000 - 0x00007ffb55e1d000 	C:\WINDOWS\SYSTEM32\WINMMBASE.dll
0x00007ffb626e0000 - 0x00007ffb6272a000 	C:\WINDOWS\System32\cfgmgr32.dll
0x00007ffb5e660000 - 0x00007ffb5e66f000 	D:\Android Studio\jre\jre\bin\verify.dll
0x00007ffb59290000 - 0x00007ffb592b9000 	D:\Android Studio\jre\jre\bin\java.dll
0x00007ffb5c220000 - 0x00007ffb5c236000 	D:\Android Studio\jre\jre\bin\zip.dll
0x00007ffb63bf0000 - 0x00007ffb642d5000 	C:\WINDOWS\System32\SHELL32.dll
0x00007ffb64820000 - 0x00007ffb648c9000 	C:\WINDOWS\System32\shcore.dll
0x00007ffb62b70000 - 0x00007ffb632f0000 	C:\WINDOWS\System32\windows.storage.dll
0x00007ffb62510000 - 0x00007ffb62533000 	C:\WINDOWS\System32\profapi.dll
0x00007ffb62540000 - 0x00007ffb6258a000 	C:\WINDOWS\System32\powrprof.dll
0x00007ffb62500000 - 0x00007ffb62510000 	C:\WINDOWS\System32\UMPDC.dll
0x00007ffb63750000 - 0x00007ffb637a2000 	C:\WINDOWS\System32\shlwapi.dll
0x00007ffb62590000 - 0x00007ffb625a1000 	C:\WINDOWS\System32\kernel.appcore.dll
0x00007ffb62ab0000 - 0x00007ffb62ac7000 	C:\WINDOWS\System32\cryptsp.dll
0x00007ffb5baf0000 - 0x00007ffb5bb0a000 	D:\Android Studio\jre\jre\bin\net.dll
0x00007ffb56310000 - 0x00007ffb564e5000 	C:\WINDOWS\SYSTEM32\urlmon.dll
0x00007ffb56020000 - 0x00007ffb562c6000 	C:\WINDOWS\SYSTEM32\iertutil.dll
0x00007ffb61f40000 - 0x00007ffb61f4c000 	C:\WINDOWS\SYSTEM32\CRYPTBASE.DLL
0x00007ffb61d70000 - 0x00007ffb61dd7000 	C:\WINDOWS\system32\mswsock.dll
0x00007ffb5b690000 - 0x00007ffb5b6a3000 	D:\Android Studio\jre\jre\bin\nio.dll
0x00007ffb5ba90000 - 0x00007ffb5bab6000 	C:\Users\beati\.gradle\native\29\windows-amd64\native-platform.dll
0x00007ffb5d660000 - 0x00007ffb5d66d000 	D:\Android Studio\jre\jre\bin\management.dll
0x00007ffb618e0000 - 0x00007ffb61913000 	C:\WINDOWS\system32\rsaenh.dll
0x00007ffb62730000 - 0x00007ffb62756000 	C:\WINDOWS\System32\bcrypt.dll
0x00007ffb623f0000 - 0x00007ffb62415000 	C:\WINDOWS\SYSTEM32\USERENV.dll
0x00007ffb61a80000 - 0x00007ffb61aba000 	C:\WINDOWS\SYSTEM32\IPHLPAPI.DLL
0x00007ffb638d0000 - 0x00007ffb638d8000 	C:\WINDOWS\System32\NSI.dll
0x00007ffb5b2c0000 - 0x00007ffb5b2d6000 	C:\WINDOWS\SYSTEM32\dhcpcsvc6.DLL
0x00007ffb5b3c0000 - 0x00007ffb5b3dc000 	C:\WINDOWS\SYSTEM32\dhcpcsvc.DLL
0x00007ffb61ac0000 - 0x00007ffb61b8a000 	C:\WINDOWS\SYSTEM32\DNSAPI.dll

VM Arguments:
jvm_args: -Xmx1536m -Dfile.encoding=windows-1252 -Duser.country=US -Duser.language=en -Duser.variant 
java_command: org.gradle.launcher.daemon.bootstrap.GradleDaemon 5.4.1
java_class_path (initial): C:\Users\beati\.gradle\wrapper\dists\gradle-5.4.1-all\3221gyojl5jsh0helicew7rwx\gradle-5.4.1\lib\gradle-launcher-5.4.1.jar
Launcher Type: SUN_STANDARD

Environment Variables:
PATH=C:\Python27\;C:\Python27\Scripts;C:\Program Files\NVIDIA GPU Computing Toolkit\CUDA\v10.2\bin;C:\Program Files\NVIDIA GPU Computing Toolkit\CUDA\v10.2\libnvvp;C:\Program Files (x86)\Common Files\Intel\Shared Libraries\redist\intel64\compiler;C:\WINDOWS\system32;C:\WINDOWS;C:\WINDOWS\System32\Wbem;C:\WINDOWS\System32\WindowsPowerShell\v1.0\;C:\WINDOWS\System32\OpenSSH\;C:\Program Files (x86)\QuickTime\QTSystem\;C:\Program Files (x86)\NVIDIA Corporation\PhysX\Common;C:\Program Files\NVIDIA Corporation\NVIDIA NvDLISR;C:\Program Files\NVIDIA Corporation\Nsight Compute 2019.5.0\;D:\nodejs\;C:\ProgramData\chocolatey\bin;C:\Users\beati\AppData\Local\Microsoft\WindowsApps;C:\Users\beati\AppData\Roaming\npm
USERNAME=beati
OS=Windows_NT
PROCESSOR_IDENTIFIER=Intel64 Family 6 Model 158 Stepping 10, GenuineIntel



---------------  S Y S T E M  ---------------

OS: Windows 10.0 , 64 bit Build 18362 (10.0.18362.329)

CPU:total 12 (initial active 12) (6 cores per cpu, 2 threads per core) family 6 model 158 stepping 10, cmov, cx8, fxsr, mmx, sse, sse2, sse3, ssse3, sse4.1, sse4.2, popcnt, avx, avx2, aes, clmul, erms, 3dnowpref, lzcnt, ht, tsc, tscinvbit, bmi1, bmi2, adx

Memory: 4k page, physical 16566556k(4829516k free), swap 66898204k(5988k free)

vm_info: OpenJDK 64-Bit Server VM (25.212-b04) for windows-amd64 JRE (1.8.0_212-release-1586-b04), built by "builder" with MS VC++ 10.0 (VS2010)

time: Sat Mar 14 22:27:14 2020
timezone: Eastern Daylight Time
elapsed time: 11 seconds (0d 0h 0m 11s)

